
╔════════════════════════════════════════════════════════════════════════════════════════════════════╗
║▒▒▒▒▒▒▒▒▒▒▒▒▒▒▒▒▒▒▒▒▒▒▒▒▒▒▒▒▒▒▒《 General Simulation Configuration 》▒▒▒▒▒▒▒▒▒▒▒▒▒▒▒▒▒▒▒▒▒▒▒▒▒▒▒▒▒▒▒║
╠════════════════════════════════════════════════════════════════════════════════════════════════════╣
║ Dataset: /workspace/EVASim/datasets/dlrm/reuse_low_table_1M.txt                                    ║
║ Numeric format: 8 bits                                                                             ║
║ Num batches: 2                                                                                     ║
║ Num tables: 512                                                                                    ║
║ Batch Size (samples per batch): 128                                                                ║
║ Vectors per table: 1000000                                                                         ║
║ Lookups per sample: 170                                                                            ║
║ Embedding Dimension 256                                                                            ║
╚════════════════════════════════════════════════════════════════════════════════════════════════════╝
(Time elapsed(s) in model and data gen:   1.486724sec)
[DEBUG] addr_trace shape: (2, 512, 43520)
Converting vector indices into virtual memory addresses for batch 0...
Converting vector indices into virtual memory addresses for batch 1...
(Time elapsed(s) in address generation:  68.633687sec)

╔════════════════════════════════════════════════════════════════════════════════════════════════════╗
║▒▒▒▒▒▒▒▒▒▒▒▒▒▒▒▒▒▒▒▒▒▒▒▒▒▒▒▒▒▒▒▒▒《 On-Chip Memory Configuration 》▒▒▒▒▒▒▒▒▒▒▒▒▒▒▒▒▒▒▒▒▒▒▒▒▒▒▒▒▒▒▒▒▒║
╠════════════════════════════════════════════════════════════════════════════════════════════════════╣
║ Memory size: 134217728 B (128 MB)                                                                  ║
║ Memory type: profile                                                                               ║
║ Memory policy: profile_dynamic_cache                                                               ║
╚════════════════════════════════════════════════════════════════════════════════════════════════════╝
[DEBUG] logger can contain 524288 vectors
[DEBUG] logger is empty. Set the spad with the naive method.
on mem data structure size: 8192.11 KB
(Time elapsed(s) in create memory structure:   1.364431sec)

╔════════════════════════════════════════════════════════════════════════════════════════════════════╗
║▒▒▒▒▒▒▒▒▒▒▒▒▒▒▒▒▒▒▒▒▒▒▒▒▒▒▒▒▒▒▒▒▒▒▒▒▒▒▒《 Simulation Start 》▒▒▒▒▒▒▒▒▒▒▒▒▒▒▒▒▒▒▒▒▒▒▒▒▒▒▒▒▒▒▒▒▒▒▒▒▒▒▒║
╚════════════════════════════════════════════════════════════════════════════════════════════════════╝
[DEBUG] dynamic_counter_threshold: 22282240
Simulation for batch 0...
Simulation for batch 1...
Simulation Done

╔════════════════════════════════════════════════════════════════════════════════════════════════════╗
║▒▒▒▒▒▒▒▒▒▒▒▒▒▒▒▒▒▒▒▒▒▒▒▒▒▒▒▒▒▒▒▒▒▒▒▒▒▒《 Simulation Results 》▒▒▒▒▒▒▒▒▒▒▒▒▒▒▒▒▒▒▒▒▒▒▒▒▒▒▒▒▒▒▒▒▒▒▒▒▒▒║
╠════════════════════════════════════════════════════════════════════════════════════════════════════╣
║ Total hit ratio: 0.0272                                                                            ║
║ Total accesses: 44564480                                                                           ║
║ Total hits: 1213108                                                                                ║
║ Total misses: 43351372                                                                             ║
║                                                                                                    ║
║ Per batch results:                                                                                 ║
║ [Batch 0] hit ratio: 0.0010 accesses: 22282240 hits: 22562 misses: 22259678                        ║
║ [Batch 0] spad load: 1048576                                                                       ║
║ [Batch 0] logger hit ratio: 0.1145 accesses: 22282240 hits: 2552198 misses: 19730042               ║
║ [Batch 1] hit ratio: 0.0534 accesses: 22282240 hits: 1190546 misses: 21091694                      ║
║ [Batch 1] spad load: 1048576                                                                       ║
║ [Batch 1] logger hit ratio: 0.1145 accesses: 22282240 hits: 2552198 misses: 19730042               ║
╚════════════════════════════════════════════════════════════════════════════════════════════════════╝
(Time elapsed(s) in do simulation: 11819.230430sec)
[DEBUG] workload_type: dlrm



 START ENERGY ESTIMATION 

Setting parameters for energy estimation...
Setting workload configuration...
Setting energy table configuration...

============= Configuration Summary =============

[Workload Configuration]
Workload Type: dlrm
Number of Operation Types: 1

[Operation Details]
- Operation 0:
  Type: vadd
  Access per operation: 170
  Number of operations: 169

[Energy Table Configuration]
Technology Node: 45nm

Memory Access Energy (pJ/byte):
- Off-chip Memory: 43.750
- Global Buffer: 3.690
- Local Buffer: 1.250

Computation Energy (pJ):
INT8 Operations:
- Addition: 0.030
- Multiplication: 0.200
- Compare: 0.030

FP32 Operations:
- Addition: 0.900
- Multiplication: 3.700
- Compare: 0.900
=============================================

 [DEBUG] action type and count for op 0: vadd 22151168.0
 [DEBUG] action type and count for op 0: add 2835349504.0
 [DEBUG] action type and count for op 0: add 2835349504.0
 [DEBUG] action type and count for op 0: vadd 22151168.0
 [DEBUG] action type and count for op 0: add 2835349504.0
 [DEBUG] action type and count for op 0: add 2835349504.0

╔════════════════════════════════════════════════════════════════════════════════════════════════════╗
║▒▒▒▒▒▒▒▒▒▒▒▒▒▒▒▒▒▒▒▒▒▒▒▒▒▒▒▒▒▒▒▒▒▒▒《 Energy Estimation Results 》▒▒▒▒▒▒▒▒▒▒▒▒▒▒▒▒▒▒▒▒▒▒▒▒▒▒▒▒▒▒▒▒▒▒▒║
╚════════════════════════════════════════════════════════════════════════════════════════════════════╝

╔════════════════════════════════════════════════════════════════════════════════════════════════════╗
║▒▒▒▒▒▒▒▒▒▒▒▒▒▒▒▒▒▒▒▒▒▒▒▒▒▒▒▒▒▒▒▒▒▒▒《 Energy Estimation Results 》▒▒▒▒▒▒▒▒▒▒▒▒▒▒▒▒▒▒▒▒▒▒▒▒▒▒▒▒▒▒▒▒▒▒▒║
╠════════════════════════════════════════════════════════════════════════════════════════════════════╣
║ Total Energy: 243510779340.800 pJ                                                                  ║
║ Off-chip Memory Energy: 242767683200.000 pJ (99.69%)                                               ║
║ On-chip Memory Energy: 572975170.560 pJ (0.24%)                                                    ║
║ Operations Energy:                                                                                 ║
║   - Operation 0: 170120970.240 pJ (0.07%)                                                          ║
║                                                                                                    ║
║ Per-Batch Energy:                                                                                  ║
║   - Batch 0:                                                                                       ║
║     Total Energy: 124749913768.960 pJ                                                              ║
║     Off-chip Memory Energy: 124654196800.000 pJ                                                    ║
║     On-chip Memory Energy: 10656483.840 pJ                                                         ║
║     Operations Energy:                                                                             ║
║       - Operation 0: 85060485.120 pJ                                                               ║
║   - Batch 1:                                                                                       ║
║     Total Energy: 118760865571.840 pJ                                                              ║
║     Off-chip Memory Energy: 118113486400.000 pJ                                                    ║
║     On-chip Memory Energy: 562318686.720 pJ                                                        ║
║     Operations Energy:                                                                             ║
║       - Operation 0: 85060485.120 pJ                                                               ║
╚════════════════════════════════════════════════════════════════════════════════════════════════════╝
(Time elapsed(s) in energy estimation:   0.002559sec)
