
╔════════════════════════════════════════════════════════════════════════════════════════════════════╗
║▒▒▒▒▒▒▒▒▒▒▒▒▒▒▒▒▒▒▒▒▒▒▒▒▒▒▒▒▒▒▒《 General Simulation Configuration 》▒▒▒▒▒▒▒▒▒▒▒▒▒▒▒▒▒▒▒▒▒▒▒▒▒▒▒▒▒▒▒║
╠════════════════════════════════════════════════════════════════════════════════════════════════════╣
║ Dataset: /workspace/EVASim/datasets/vectordb/deep250m_10m.txt                                      ║
║ Numeric format: 32 bits                                                                            ║
║ Num batches: 2                                                                                     ║
║ Num tables: 1                                                                                      ║
║ Batch Size (samples per batch): 1                                                                  ║
║ Vectors per table: 250000000                                                                       ║
║ Lookups per sample: 10000000                                                                       ║
║ Embedding Dimension 96                                                                             ║
╚════════════════════════════════════════════════════════════════════════════════════════════════════╝
(Time elapsed(s) in model and data gen:   2.906744sec)
[DEBUG] addr_trace shape: (2, 1, 30000000)
Converting vector indices into virtual memory addresses for batch 0...
Converting vector indices into virtual memory addresses for batch 1...
(Time elapsed(s) in address generation:  91.734728sec)

╔════════════════════════════════════════════════════════════════════════════════════════════════════╗
║▒▒▒▒▒▒▒▒▒▒▒▒▒▒▒▒▒▒▒▒▒▒▒▒▒▒▒▒▒▒▒▒▒《 On-Chip Memory Configuration 》▒▒▒▒▒▒▒▒▒▒▒▒▒▒▒▒▒▒▒▒▒▒▒▒▒▒▒▒▒▒▒▒▒║
╠════════════════════════════════════════════════════════════════════════════════════════════════════╣
║ Memory size: 134217728 B (128 MB)                                                                  ║
║ Memory type: profile                                                                               ║
║ Memory policy: profile_dynamic_cache                                                               ║
╚════════════════════════════════════════════════════════════════════════════════════════════════════╝
[DEBUG] logger can contain 349525 vectors
[DEBUG] logger is empty. Set the spad with the naive method.
on mem data structure size: 8192.11 KB
(Time elapsed(s) in create memory structure:   1.365627sec)

╔════════════════════════════════════════════════════════════════════════════════════════════════════╗
║▒▒▒▒▒▒▒▒▒▒▒▒▒▒▒▒▒▒▒▒▒▒▒▒▒▒▒▒▒▒▒▒▒▒▒▒▒▒▒《 Simulation Start 》▒▒▒▒▒▒▒▒▒▒▒▒▒▒▒▒▒▒▒▒▒▒▒▒▒▒▒▒▒▒▒▒▒▒▒▒▒▒▒║
╚════════════════════════════════════════════════════════════════════════════════════════════════════╝
[DEBUG] dynamic_counter_threshold: 30000000
Simulation for batch 0...
Simulation for batch 1...
Simulation Done

╔════════════════════════════════════════════════════════════════════════════════════════════════════╗
║▒▒▒▒▒▒▒▒▒▒▒▒▒▒▒▒▒▒▒▒▒▒▒▒▒▒▒▒▒▒▒▒▒▒▒▒▒▒《 Simulation Results 》▒▒▒▒▒▒▒▒▒▒▒▒▒▒▒▒▒▒▒▒▒▒▒▒▒▒▒▒▒▒▒▒▒▒▒▒▒▒║
╠════════════════════════════════════════════════════════════════════════════════════════════════════╣
║ Total hit ratio: 0.0178                                                                            ║
║ Total accesses: 60000000                                                                           ║
║ Total hits: 1066000                                                                                ║
║ Total misses: 58934000                                                                             ║
║                                                                                                    ║
║ Per batch results:                                                                                 ║
║ [Batch 0] hit ratio: 0.0006 accesses: 30000000 hits: 17424 misses: 29982576                        ║
║ [Batch 0] spad load: 1048576                                                                       ║
║ [Batch 0] logger hit ratio: 0.0000 accesses: 30000000 hits: 0 misses: 30000000                     ║
║ [Batch 1] hit ratio: 0.0350 accesses: 30000000 hits: 1048576 misses: 28951424                      ║
║ [Batch 1] spad load: 1048576                                                                       ║
║ [Batch 1] logger hit ratio: 0.0000 accesses: 30000000 hits: 0 misses: 30000000                     ║
╚════════════════════════════════════════════════════════════════════════════════════════════════════╝
(Time elapsed(s) in do simulation: 14120.823615sec)
