
╔════════════════════════════════════════════════════════════════════════════════════════════════════╗
║▒▒▒▒▒▒▒▒▒▒▒▒▒▒▒▒▒▒▒▒▒▒▒▒▒▒▒▒▒▒▒《 General Simulation Configuration 》▒▒▒▒▒▒▒▒▒▒▒▒▒▒▒▒▒▒▒▒▒▒▒▒▒▒▒▒▒▒▒║
╠════════════════════════════════════════════════════════════════════════════════════════════════════╣
║ Dataset: /workspace/EVASim/datasets/wikipedia/20220301en.txt                                       ║
║ Numeric format: 8 bits                                                                             ║
║ Num batches: 2                                                                                     ║
║ Num tables: 1                                                                                      ║
║ Batch Size (samples per batch): 1                                                                  ║
║ Vectors per table: 131072                                                                          ║
║ Lookups per sample: 131072                                                                         ║
║ Embedding Dimension 8192                                                                           ║
╚════════════════════════════════════════════════════════════════════════════════════════════════════╝
(Time elapsed(s) in model and data gen:   0.990983sec)
[DEBUG] addr_trace shape: (2, 1, 8388608)
Converting vector indices into virtual memory addresses for batch 0...
Converting vector indices into virtual memory addresses for batch 1...
(Time elapsed(s) in address generation:  24.858383sec)

╔════════════════════════════════════════════════════════════════════════════════════════════════════╗
║▒▒▒▒▒▒▒▒▒▒▒▒▒▒▒▒▒▒▒▒▒▒▒▒▒▒▒▒▒▒▒▒▒《 On-Chip Memory Configuration 》▒▒▒▒▒▒▒▒▒▒▒▒▒▒▒▒▒▒▒▒▒▒▒▒▒▒▒▒▒▒▒▒▒║
╠════════════════════════════════════════════════════════════════════════════════════════════════════╣
║ Memory size: 134217728 B (128 MB)                                                                  ║
║ Memory type: profile                                                                               ║
║ Memory policy: profile_dynamic_cache                                                               ║
╚════════════════════════════════════════════════════════════════════════════════════════════════════╝
[DEBUG] logger can contain 16384 vectors
[DEBUG] logger is empty. Set the spad with the naive method.
on mem data structure size: 8192.11 KB
(Time elapsed(s) in create memory structure:   1.355764sec)

╔════════════════════════════════════════════════════════════════════════════════════════════════════╗
║▒▒▒▒▒▒▒▒▒▒▒▒▒▒▒▒▒▒▒▒▒▒▒▒▒▒▒▒▒▒▒▒▒▒▒▒▒▒▒《 Simulation Start 》▒▒▒▒▒▒▒▒▒▒▒▒▒▒▒▒▒▒▒▒▒▒▒▒▒▒▒▒▒▒▒▒▒▒▒▒▒▒▒║
╚════════════════════════════════════════════════════════════════════════════════════════════════════╝
[DEBUG] dynamic_counter_threshold: 8388608
Simulation for batch 0...
Simulation for batch 1...
Simulation Done

╔════════════════════════════════════════════════════════════════════════════════════════════════════╗
║▒▒▒▒▒▒▒▒▒▒▒▒▒▒▒▒▒▒▒▒▒▒▒▒▒▒▒▒▒▒▒▒▒▒▒▒▒▒《 Simulation Results 》▒▒▒▒▒▒▒▒▒▒▒▒▒▒▒▒▒▒▒▒▒▒▒▒▒▒▒▒▒▒▒▒▒▒▒▒▒▒║
╠════════════════════════════════════════════════════════════════════════════════════════════════════╣
║ Total hit ratio: 0.9011                                                                            ║
║ Total accesses: 16777216                                                                           ║
║ Total hits: 15118016                                                                               ║
║ Total misses: 1659200                                                                              ║
║                                                                                                    ║
║ Per batch results:                                                                                 ║
║ [Batch 0] hit ratio: 0.8106 accesses: 8388608 hits: 6799936 misses: 1588672                        ║
║ [Batch 0] spad load: 1048576                                                                       ║
║ [Batch 0] logger hit ratio: 0.8690 accesses: 8388608 hits: 7289856 misses: 1098752                 ║
║ [Batch 1] hit ratio: 0.9916 accesses: 8388608 hits: 8318080 misses: 70528                          ║
║ [Batch 1] spad load: 1048576                                                                       ║
║ [Batch 1] logger hit ratio: 0.9227 accesses: 8388608 hits: 7740032 misses: 648576                  ║
╚════════════════════════════════════════════════════════════════════════════════════════════════════╝
(Time elapsed(s) in do simulation: 4067.626424sec)
