
╔════════════════════════════════════════════════════════════════════════════════════════════════════╗
║▒▒▒▒▒▒▒▒▒▒▒▒▒▒▒▒▒▒▒▒▒▒▒▒▒▒▒▒▒▒▒《 General Simulation Configuration 》▒▒▒▒▒▒▒▒▒▒▒▒▒▒▒▒▒▒▒▒▒▒▒▒▒▒▒▒▒▒▒║
╠════════════════════════════════════════════════════════════════════════════════════════════════════╣
║ Dataset: /workspace/EVASim/datasets/dlrm/reuse_high_table_1M.txt                                   ║
║ Numeric format: 8 bits                                                                             ║
║ Num batches: 1                                                                                     ║
║ Num tables: 10                                                                                     ║
║ Batch Size (samples per batch): 32                                                                 ║
║ Vectors per table: 100000                                                                          ║
║ Lookups per sample: 20                                                                             ║
║ Embedding Dimension 128                                                                            ║
╚════════════════════════════════════════════════════════════════════════════════════════════════════╝
(Time elapsed(s) in model and data gen:   0.549826sec)
[DEBUG] addr_trace shape: (1, 10, 640)
Converting vector indices into virtual memory addresses for batch 0...
(Time elapsed(s) in address generation:   0.020718sec)

╔════════════════════════════════════════════════════════════════════════════════════════════════════╗
║▒▒▒▒▒▒▒▒▒▒▒▒▒▒▒▒▒▒▒▒▒▒▒▒▒▒▒▒▒▒▒▒▒《 On-Chip Memory Configuration 》▒▒▒▒▒▒▒▒▒▒▒▒▒▒▒▒▒▒▒▒▒▒▒▒▒▒▒▒▒▒▒▒▒║
╠════════════════════════════════════════════════════════════════════════════════════════════════════╣
║ Memory size: 33554432 B (32 MB)                                                                    ║
║ Memory type: profile                                                                               ║
║ Memory policy: profile_dynamic_cache                                                               ║
╚════════════════════════════════════════════════════════════════════════════════════════════════════╝
[DEBUG] logger can contain 262144.0 vectors
[DEBUG] logger is empty. Set the spad with the naive method.
on mem data structure size: 2048.11 KB
(Time elapsed(s) in create memory structure:   0.834247sec)

╔════════════════════════════════════════════════════════════════════════════════════════════════════╗
║▒▒▒▒▒▒▒▒▒▒▒▒▒▒▒▒▒▒▒▒▒▒▒▒▒▒▒▒▒▒▒▒▒▒▒▒▒▒▒《 Simulation Start 》▒▒▒▒▒▒▒▒▒▒▒▒▒▒▒▒▒▒▒▒▒▒▒▒▒▒▒▒▒▒▒▒▒▒▒▒▒▒▒║
╚════════════════════════════════════════════════════════════════════════════════════════════════════╝
[DEBUG] print the nb, nt, vec of self.emb_dataset 1 10
Simulation for batch 0...
[DEBUG] logger is not empty. Set the spad with the logger entries.
[DEBUG] logger is not empty. Set the spad with the logger entries.
[DEBUG] logger is not empty. Set the spad with the logger entries.
[DEBUG] logger is not empty. Set the spad with the logger entries.
[DEBUG] logger is not empty. Set the spad with the logger entries.
[DEBUG] logger is not empty. Set the spad with the logger entries.
[DEBUG] logger is not empty. Set the spad with the logger entries.
[DEBUG] logger is not empty. Set the spad with the logger entries.
[DEBUG] logger is not empty. Set the spad with the logger entries.
[DEBUG] logger is not empty. Set the spad with the logger entries.
[DEBUG] logger is not empty. Set the spad with the logger entries.
[DEBUG] logger is not empty. Set the spad with the logger entries.
[DEBUG] result appended for batch 0
[DEBUG] len access_results1: 1
Simulation Done
[DEBUG] len access_results2: 1
[DEBUG] len access_results3: 1

╔════════════════════════════════════════════════════════════════════════════════════════════════════╗
║▒▒▒▒▒▒▒▒▒▒▒▒▒▒▒▒▒▒▒▒▒▒▒▒▒▒▒▒▒▒▒▒▒▒▒▒▒▒《 Simulation Results 》▒▒▒▒▒▒▒▒▒▒▒▒▒▒▒▒▒▒▒▒▒▒▒▒▒▒▒▒▒▒▒▒▒▒▒▒▒▒║
╠════════════════════════════════════════════════════════════════════════════════════════════════════╣
║ Total hit ratio: 0.3181                                                                            ║
║ Total accesses: 6400                                                                               ║
║ Total hits: 2036                                                                                   ║
║ Total misses: 4364                                                                                 ║
║                                                                                                    ║
║ Per batch results:                                                                                 ║
║ [Batch 0] hit ratio: 0.3181 accesses: 6400 hits: 2036 misses: 4364                                 ║
╚════════════════════════════════════════════════════════════════════════════════════════════════════╝
(Time elapsed(s) in do simulation:  73.707639sec)
