
╔════════════════════════════════════════════════════════════════════════════════════════════════════╗
║▒▒▒▒▒▒▒▒▒▒▒▒▒▒▒▒▒▒▒▒▒▒▒▒▒▒▒▒▒▒▒《 General Simulation Configuration 》▒▒▒▒▒▒▒▒▒▒▒▒▒▒▒▒▒▒▒▒▒▒▒▒▒▒▒▒▒▒▒║
╠════════════════════════════════════════════════════════════════════════════════════════════════════╣
║ Dataset: /workspace/EVASim/datasets/wikipedia/20220301en.txt                                       ║
║ Numeric format: 8 bits                                                                             ║
║ Num batches: 2                                                                                     ║
║ Num tables: 1                                                                                      ║
║ Batch Size (samples per batch): 1                                                                  ║
║ Vectors per table: 131072                                                                          ║
║ Lookups per sample: 131072                                                                         ║
║ Embedding Dimension 8192                                                                           ║
╚════════════════════════════════════════════════════════════════════════════════════════════════════╝
(Time elapsed(s) in model and data gen:   0.964506sec)
[DEBUG] addr_trace shape: (2, 1, 8388608)
Converting vector indices into virtual memory addresses for batch 0...
Converting vector indices into virtual memory addresses for batch 1...
(Time elapsed(s) in address generation:  25.857711sec)

╔════════════════════════════════════════════════════════════════════════════════════════════════════╗
║▒▒▒▒▒▒▒▒▒▒▒▒▒▒▒▒▒▒▒▒▒▒▒▒▒▒▒▒▒▒▒▒▒《 On-Chip Memory Configuration 》▒▒▒▒▒▒▒▒▒▒▒▒▒▒▒▒▒▒▒▒▒▒▒▒▒▒▒▒▒▒▒▒▒║
╠════════════════════════════════════════════════════════════════════════════════════════════════════╣
║ Memory size: 134217728 B (128 MB)                                                                  ║
║ Memory type: spad                                                                                  ║
║ Memory policy: spad_naive                                                                          ║
╚════════════════════════════════════════════════════════════════════════════════════════════════════╝
[DEBUG] on_mem has 1048576 elements.
on mem data structure size: 8192.11 KB
(Time elapsed(s) in create memory structure:   1.409826sec)

╔════════════════════════════════════════════════════════════════════════════════════════════════════╗
║▒▒▒▒▒▒▒▒▒▒▒▒▒▒▒▒▒▒▒▒▒▒▒▒▒▒▒▒▒▒▒▒▒▒▒▒▒▒▒《 Simulation Start 》▒▒▒▒▒▒▒▒▒▒▒▒▒▒▒▒▒▒▒▒▒▒▒▒▒▒▒▒▒▒▒▒▒▒▒▒▒▒▒║
╚════════════════════════════════════════════════════════════════════════════════════════════════════╝
Simulation for batch 0...
Simulation for batch 1...
Simulation Done

╔════════════════════════════════════════════════════════════════════════════════════════════════════╗
║▒▒▒▒▒▒▒▒▒▒▒▒▒▒▒▒▒▒▒▒▒▒▒▒▒▒▒▒▒▒▒▒▒▒▒▒▒▒《 Simulation Results 》▒▒▒▒▒▒▒▒▒▒▒▒▒▒▒▒▒▒▒▒▒▒▒▒▒▒▒▒▒▒▒▒▒▒▒▒▒▒║
╠════════════════════════════════════════════════════════════════════════════════════════════════════╣
║ Total hit ratio: 0.8117                                                                            ║
║ Total accesses: 16777216                                                                           ║
║ Total hits: 13618240                                                                               ║
║ Total misses: 3158976                                                                              ║
║                                                                                                    ║
║ Per batch results:                                                                                 ║
║ [Batch 0] hit ratio: 0.8106 accesses: 8388608 hits: 6799936 misses: 1588672                        ║
║ [Batch 0] spad load: 0                                                                             ║
║ [Batch 1] hit ratio: 0.8128 accesses: 8388608 hits: 6818304 misses: 1570304                        ║
║ [Batch 1] spad load: 0                                                                             ║
╚════════════════════════════════════════════════════════════════════════════════════════════════════╝
(Time elapsed(s) in do simulation:   0.710209sec)
[DEBUG] workload_type: wikipedia



 START ENERGY ESTIMATION 

Setting parameters for energy estimation...
Setting workload configuration...
Setting energy table configuration...

============= Configuration Summary =============

[Workload Configuration]
Workload Type: wikipedia
Number of Operation Types: 0

[Operation Details]

[Energy Table Configuration]
Technology Node: 45nm

Memory Access Energy (pJ/byte):
- Off-chip Memory: 43.750
- Global Buffer: 3.690
- Local Buffer: 1.250

Computation Energy (pJ):
INT8 Operations:
- Addition: 0.030
- Multiplication: 0.200
- Compare: 0.030

FP32 Operations:
- Addition: 0.900
- Multiplication: 3.700
- Compare: 0.900
=============================================


╔════════════════════════════════════════════════════════════════════════════════════════════════════╗
║▒▒▒▒▒▒▒▒▒▒▒▒▒▒▒▒▒▒▒▒▒▒▒▒▒▒▒▒▒▒▒▒▒▒▒《 Energy Estimation Results 》▒▒▒▒▒▒▒▒▒▒▒▒▒▒▒▒▒▒▒▒▒▒▒▒▒▒▒▒▒▒▒▒▒▒▒║
╚════════════════════════════════════════════════════════════════════════════════════════════════════╝

╔════════════════════════════════════════════════════════════════════════════════════════════════════╗
║▒▒▒▒▒▒▒▒▒▒▒▒▒▒▒▒▒▒▒▒▒▒▒▒▒▒▒▒▒▒▒▒▒▒▒《 Energy Estimation Results 》▒▒▒▒▒▒▒▒▒▒▒▒▒▒▒▒▒▒▒▒▒▒▒▒▒▒▒▒▒▒▒▒▒▒▒║
╠════════════════════════════════════════════════════════════════════════════════════════════════════╣
║ Total Energy: 24122432716.800 pJ                                                                   ║
║ Off-chip Memory Energy: 17690265600.000 pJ (73.34%)                                                ║
║ On-chip Memory Energy: 6432167116.800 pJ (26.66%)                                                  ║
║ Operations Energy:                                                                                 ║
║                                                                                                    ║
║ Per-Batch Energy:                                                                                  ║
║   - Batch 0:                                                                                       ║
║     Total Energy: 12108308971.520 pJ                                                               ║
║     Off-chip Memory Energy: 8896563200.000 pJ                                                      ║
║     On-chip Memory Energy: 3211745771.520 pJ                                                       ║
║     Operations Energy:                                                                             ║
║   - Batch 1:                                                                                       ║
║     Total Energy: 12014123745.280 pJ                                                               ║
║     Off-chip Memory Energy: 8793702400.000 pJ                                                      ║
║     On-chip Memory Energy: 3220421345.280 pJ                                                       ║
║     Operations Energy:                                                                             ║
╚════════════════════════════════════════════════════════════════════════════════════════════════════╝
(Time elapsed(s) in energy estimation:   0.002434sec)
