
╔════════════════════════════════════════════════════════════════════════════════════════════════════╗
║▒▒▒▒▒▒▒▒▒▒▒▒▒▒▒▒▒▒▒▒▒▒▒▒▒▒▒▒▒▒▒《 General Simulation Configuration 》▒▒▒▒▒▒▒▒▒▒▒▒▒▒▒▒▒▒▒▒▒▒▒▒▒▒▒▒▒▒▒║
╠════════════════════════════════════════════════════════════════════════════════════════════════════╣
║ Dataset: /home/choi/2nd/EVASim/datasets/wikipedia/20220301en.txt                                   ║
║ Numeric format: 8 bits                                                                             ║
║ Num batches: 2                                                                                     ║
║ Num tables: 1                                                                                      ║
║ Batch Size (samples per batch): 1                                                                  ║
║ Vectors per table: 131072                                                                          ║
║ Lookups per sample: 131072                                                                         ║
║ Embedding Dimension 8192                                                                           ║
╚════════════════════════════════════════════════════════════════════════════════════════════════════╝
(Time elapsed(s) in model and data gen:   1.528077sec)
[DEBUG] lS_i shape: (2, 1, 131072)
[DEBUG] addr_trace shape: (2, 1, 8388608)
Converting vector indices into virtual memory addresses for batch 0...
Converting vector indices into virtual memory addresses for batch 1...
(Time elapsed(s) in address generation:  37.504313sec)

╔════════════════════════════════════════════════════════════════════════════════════════════════════╗
║▒▒▒▒▒▒▒▒▒▒▒▒▒▒▒▒▒▒▒▒▒▒▒▒▒▒▒▒▒▒▒▒▒《 On-Chip Memory Configuration 》▒▒▒▒▒▒▒▒▒▒▒▒▒▒▒▒▒▒▒▒▒▒▒▒▒▒▒▒▒▒▒▒▒║
╠════════════════════════════════════════════════════════════════════════════════════════════════════╣
║ Memory size: 134217728 B (128 MB)                                                                  ║
║ Memory type: spad                                                                                  ║
║ Memory policy: spad_oracle                                                                         ║
╚════════════════════════════════════════════════════════════════════════════════════════════════════╝
on mem data structure size: 8192.11 KB
(Time elapsed(s) in create memory structure:   1.523680sec)

╔════════════════════════════════════════════════════════════════════════════════════════════════════╗
║▒▒▒▒▒▒▒▒▒▒▒▒▒▒▒▒▒▒▒▒▒▒▒▒▒▒▒▒▒▒▒▒▒▒▒▒▒▒▒《 Simulation Start 》▒▒▒▒▒▒▒▒▒▒▒▒▒▒▒▒▒▒▒▒▒▒▒▒▒▒▒▒▒▒▒▒▒▒▒▒▒▒▒║
╚════════════════════════════════════════════════════════════════════════════════════════════════════╝
Simulation for batch 0...
Simulation for batch 1...
Simulation Done

╔════════════════════════════════════════════════════════════════════════════════════════════════════╗
║▒▒▒▒▒▒▒▒▒▒▒▒▒▒▒▒▒▒▒▒▒▒▒▒▒▒▒▒▒▒▒▒▒▒▒▒▒▒《 Simulation Results 》▒▒▒▒▒▒▒▒▒▒▒▒▒▒▒▒▒▒▒▒▒▒▒▒▒▒▒▒▒▒▒▒▒▒▒▒▒▒║
╠════════════════════════════════════════════════════════════════════════════════════════════════════╣
║ Total hit ratio: 0.9928                                                                            ║
║ Total accesses: 16777216                                                                           ║
║ Total hits: 16656960                                                                               ║
║ Total misses: 120256                                                                               ║
║                                                                                                    ║
║ Per batch results:                                                                                 ║
║ [Batch 0] hit ratio: 0.9942 accesses: 8388608 hits: 8339648 misses: 48960                          ║
║ [Batch 0] spad load: 1048576                                                                       ║
║ [Batch 1] hit ratio: 0.9915 accesses: 8388608 hits: 8317312 misses: 71296                          ║
║ [Batch 1] spad load: 1048576                                                                       ║
╚════════════════════════════════════════════════════════════════════════════════════════════════════╝
(Time elapsed(s) in do simulation:   3.711580sec)
