
╔════════════════════════════════════════════════════════════════════════════════════════════════════╗
║▒▒▒▒▒▒▒▒▒▒▒▒▒▒▒▒▒▒▒▒▒▒▒▒▒▒▒▒▒▒▒《 General Simulation Configuration 》▒▒▒▒▒▒▒▒▒▒▒▒▒▒▒▒▒▒▒▒▒▒▒▒▒▒▒▒▒▒▒║
╠════════════════════════════════════════════════════════════════════════════════════════════════════╣
║ Dataset: /workspace/EVASim/datasets/dlrm/reuse_high_table_1M.txt                                   ║
║ Numeric format: 8 bits                                                                             ║
║ Num batches: 5                                                                                     ║
║ Num tables: 512                                                                                    ║
║ Batch Size (samples per batch): 128                                                                ║
║ Vectors per table: 1000000                                                                         ║
║ Lookups per sample: 170                                                                            ║
║ Embedding Dimension 256                                                                            ║
╚════════════════════════════════════════════════════════════════════════════════════════════════════╝
(Time elapsed(s) in model and data gen:   3.913780sec)
[DEBUG] addr_trace shape: (5, 512, 43520)
Converting vector indices into virtual memory addresses for batch 0...
Converting vector indices into virtual memory addresses for batch 1...
Converting vector indices into virtual memory addresses for batch 2...
Converting vector indices into virtual memory addresses for batch 3...
Converting vector indices into virtual memory addresses for batch 4...
(Time elapsed(s) in address generation: 171.203415sec)

╔════════════════════════════════════════════════════════════════════════════════════════════════════╗
║▒▒▒▒▒▒▒▒▒▒▒▒▒▒▒▒▒▒▒▒▒▒▒▒▒▒▒▒▒▒▒▒▒《 On-Chip Memory Configuration 》▒▒▒▒▒▒▒▒▒▒▒▒▒▒▒▒▒▒▒▒▒▒▒▒▒▒▒▒▒▒▒▒▒║
╠════════════════════════════════════════════════════════════════════════════════════════════════════╣
║ Memory size: 134217728 B (128 MB)                                                                  ║
║ Memory type: profile                                                                               ║
║ Memory policy: profile_dynamic_cache                                                               ║
╚════════════════════════════════════════════════════════════════════════════════════════════════════╝
[DEBUG] logger can contain 524288 vectors
[DEBUG] logger is empty. Set the spad with the naive method.
on mem data structure size: 8192.11 KB
(Time elapsed(s) in create memory structure:   1.405813sec)

╔════════════════════════════════════════════════════════════════════════════════════════════════════╗
║▒▒▒▒▒▒▒▒▒▒▒▒▒▒▒▒▒▒▒▒▒▒▒▒▒▒▒▒▒▒▒▒▒▒▒▒▒▒▒《 Simulation Start 》▒▒▒▒▒▒▒▒▒▒▒▒▒▒▒▒▒▒▒▒▒▒▒▒▒▒▒▒▒▒▒▒▒▒▒▒▒▒▒║
╚════════════════════════════════════════════════════════════════════════════════════════════════════╝
[DEBUG] dynamic_counter_threshold: 22282240
Simulation for batch 0...
Simulation for batch 1...
Simulation for batch 2...
Simulation for batch 3...
Simulation for batch 4...
Simulation Done

╔════════════════════════════════════════════════════════════════════════════════════════════════════╗
║▒▒▒▒▒▒▒▒▒▒▒▒▒▒▒▒▒▒▒▒▒▒▒▒▒▒▒▒▒▒▒▒▒▒▒▒▒▒《 Simulation Results 》▒▒▒▒▒▒▒▒▒▒▒▒▒▒▒▒▒▒▒▒▒▒▒▒▒▒▒▒▒▒▒▒▒▒▒▒▒▒║
╠════════════════════════════════════════════════════════════════════════════════════════════════════╣
║ Total hit ratio: 0.1863                                                                            ║
║ Total accesses: 111411200                                                                          ║
║ Total hits: 20751412                                                                               ║
║ Total misses: 90659788                                                                             ║
║                                                                                                    ║
║ Per batch results:                                                                                 ║
║ [Batch 0] hit ratio: 0.0010 accesses: 22282240 hits: 23092 misses: 22259148                        ║
║ [Batch 0] spad load: 1048576                                                                       ║
║ [Batch 0] logger hit ratio: 0.8095 accesses: 22282240 hits: 18038440 misses: 4243800               ║
║ [Batch 1] hit ratio: 0.2326 accesses: 22282240 hits: 5182080 misses: 17100160                      ║
║ [Batch 1] spad load: 1048576                                                                       ║
║ [Batch 1] logger hit ratio: 0.8095 accesses: 22282240 hits: 18038440 misses: 4243800               ║
║ [Batch 2] hit ratio: 0.2326 accesses: 22282240 hits: 5182080 misses: 17100160                      ║
║ [Batch 2] spad load: 1048576                                                                       ║
║ [Batch 2] logger hit ratio: 0.8095 accesses: 22282240 hits: 18038440 misses: 4243800               ║
║ [Batch 3] hit ratio: 0.2326 accesses: 22282240 hits: 5182080 misses: 17100160                      ║
║ [Batch 3] spad load: 1048576                                                                       ║
║ [Batch 3] logger hit ratio: 0.8095 accesses: 22282240 hits: 18038440 misses: 4243800               ║
║ [Batch 4] hit ratio: 0.2326 accesses: 22282240 hits: 5182080 misses: 17100160                      ║
║ [Batch 4] spad load: 1048576                                                                       ║
║ [Batch 4] logger hit ratio: 0.8095 accesses: 22282240 hits: 18038440 misses: 4243800               ║
╚════════════════════════════════════════════════════════════════════════════════════════════════════╝
(Time elapsed(s) in do simulation: 22178.902264sec)
