
╔════════════════════════════════════════════════════════════════════════════════════════════════════╗
║▒▒▒▒▒▒▒▒▒▒▒▒▒▒▒▒▒▒▒▒▒▒▒▒▒▒▒▒▒▒▒《 General Simulation Configuration 》▒▒▒▒▒▒▒▒▒▒▒▒▒▒▒▒▒▒▒▒▒▒▒▒▒▒▒▒▒▒▒║
╠════════════════════════════════════════════════════════════════════════════════════════════════════╣
║ Dataset: /workspace/EVASim/datasets/vectordb/spacev250m_10m.txt                                    ║
║ Numeric format: 32 bits                                                                            ║
║ Num batches: 2                                                                                     ║
║ Num tables: 1                                                                                      ║
║ Batch Size (samples per batch): 1                                                                  ║
║ Vectors per table: 250000000                                                                       ║
║ Lookups per sample: 10000000                                                                       ║
║ Embedding Dimension 100                                                                            ║
╚════════════════════════════════════════════════════════════════════════════════════════════════════╝
(Time elapsed(s) in model and data gen:   2.709776sec)
[DEBUG] addr_trace shape: (2, 1, 40000000)
Converting vector indices into virtual memory addresses for batch 0...
Converting vector indices into virtual memory addresses for batch 1...
(Time elapsed(s) in address generation: 122.289656sec)

╔════════════════════════════════════════════════════════════════════════════════════════════════════╗
║▒▒▒▒▒▒▒▒▒▒▒▒▒▒▒▒▒▒▒▒▒▒▒▒▒▒▒▒▒▒▒▒▒《 On-Chip Memory Configuration 》▒▒▒▒▒▒▒▒▒▒▒▒▒▒▒▒▒▒▒▒▒▒▒▒▒▒▒▒▒▒▒▒▒║
╠════════════════════════════════════════════════════════════════════════════════════════════════════╣
║ Memory size: 134217728 B (128 MB)                                                                  ║
║ Memory type: profile                                                                               ║
║ Memory policy: profile_dynamic_cache                                                               ║
╚════════════════════════════════════════════════════════════════════════════════════════════════════╝
[DEBUG] logger can contain 262144 vectors
[DEBUG] logger is empty. Set the spad with the naive method.
on mem data structure size: 8192.11 KB
(Time elapsed(s) in create memory structure:   1.378013sec)

╔════════════════════════════════════════════════════════════════════════════════════════════════════╗
║▒▒▒▒▒▒▒▒▒▒▒▒▒▒▒▒▒▒▒▒▒▒▒▒▒▒▒▒▒▒▒▒▒▒▒▒▒▒▒《 Simulation Start 》▒▒▒▒▒▒▒▒▒▒▒▒▒▒▒▒▒▒▒▒▒▒▒▒▒▒▒▒▒▒▒▒▒▒▒▒▒▒▒║
╚════════════════════════════════════════════════════════════════════════════════════════════════════╝
[DEBUG] dynamic_counter_threshold: 40000000
Simulation for batch 0...
Simulation for batch 1...
Simulation Done

╔════════════════════════════════════════════════════════════════════════════════════════════════════╗
║▒▒▒▒▒▒▒▒▒▒▒▒▒▒▒▒▒▒▒▒▒▒▒▒▒▒▒▒▒▒▒▒▒▒▒▒▒▒《 Simulation Results 》▒▒▒▒▒▒▒▒▒▒▒▒▒▒▒▒▒▒▒▒▒▒▒▒▒▒▒▒▒▒▒▒▒▒▒▒▒▒║
╠════════════════════════════════════════════════════════════════════════════════════════════════════╣
║ Total hit ratio: 0.5000                                                                            ║
║ Total accesses: 80000000                                                                           ║
║ Total hits: 40000000                                                                               ║
║ Total misses: 40000000                                                                             ║
║                                                                                                    ║
║ Per batch results:                                                                                 ║
║ [Batch 0] hit ratio: 0.0000 accesses: 40000000 hits: 0 misses: 40000000                            ║
║ [Batch 0] spad load: 1048576                                                                       ║
║ [Batch 0] logger hit ratio: 0.9754 accesses: 40000000 hits: 39016880 misses: 983120                ║
║ [Batch 1] hit ratio: 1.0000 accesses: 40000000 hits: 40000000 misses: 0                            ║
║ [Batch 1] spad load: 1048576                                                                       ║
║ [Batch 1] logger hit ratio: 1.0000 accesses: 40000000 hits: 40000000 misses: 0                     ║
╚════════════════════════════════════════════════════════════════════════════════════════════════════╝
(Time elapsed(s) in do simulation: 18222.156713sec)
[DEBUG] workload_type: vectordb



 START ENERGY ESTIMATION 

Setting parameters for energy estimation...
Setting workload configuration...
Setting energy table configuration...

============= Configuration Summary =============

[Workload Configuration]
Workload Type: vectordb
Number of Operation Types: 4

[Operation Details]
- Operation 0:
  Type: vadd
  Access per operation: 1
  Number of operations: 1
- Operation 1:
  Type: vmul
  Access per operation: 1
  Number of operations: 1
- Operation 2:
  Type: add
  Access per operation: 1
  Number of operations: 127
- Operation 3:
  Type: cmp
  Access per operation: 1
  Number of operations: 1

[Energy Table Configuration]
Technology Node: 45nm

Memory Access Energy (pJ/byte):
- Off-chip Memory: 43.750
- Global Buffer: 3.690
- Local Buffer: 1.250

Computation Energy (pJ):
INT8 Operations:
- Addition: 0.030
- Multiplication: 0.200
- Compare: 0.030

FP32 Operations:
- Addition: 0.900
- Multiplication: 3.700
- Compare: 0.900
=============================================

 [DEBUG] action type and count for op 0: vadd 40000000.0
 [DEBUG] action type and count for op 0: add 5120000000.0
 [DEBUG] action type and count for op 0: add 1280000000
 [DEBUG] action type and count for op 1: vmul 40000000.0
 [DEBUG] action type and count for op 1: mul 5120000000.0
 [DEBUG] action type and count for op 1: mul 1280000000
 [DEBUG] action type and count for op 2: add 5080000000.0
 [DEBUG] action type and count for op 2: add 1270000000
 [DEBUG] action type and count for op 3: cmp 40000000.0
 [DEBUG] action type and count for op 3: cmp 10000000
 [DEBUG] action type and count for op 0: vadd 40000000.0
 [DEBUG] action type and count for op 0: add 5120000000.0
 [DEBUG] action type and count for op 0: add 1280000000
 [DEBUG] action type and count for op 1: vmul 40000000.0
 [DEBUG] action type and count for op 1: mul 5120000000.0
 [DEBUG] action type and count for op 1: mul 1280000000
 [DEBUG] action type and count for op 2: add 5080000000.0
 [DEBUG] action type and count for op 2: add 1270000000
 [DEBUG] action type and count for op 3: cmp 40000000.0
 [DEBUG] action type and count for op 3: cmp 10000000

╔════════════════════════════════════════════════════════════════════════════════════════════════════╗
║▒▒▒▒▒▒▒▒▒▒▒▒▒▒▒▒▒▒▒▒▒▒▒▒▒▒▒▒▒▒▒▒▒▒▒《 Energy Estimation Results 》▒▒▒▒▒▒▒▒▒▒▒▒▒▒▒▒▒▒▒▒▒▒▒▒▒▒▒▒▒▒▒▒▒▒▒║
╚════════════════════════════════════════════════════════════════════════════════════════════════════╝

╔════════════════════════════════════════════════════════════════════════════════════════════════════╗
║▒▒▒▒▒▒▒▒▒▒▒▒▒▒▒▒▒▒▒▒▒▒▒▒▒▒▒▒▒▒▒▒▒▒▒《 Energy Estimation Results 》▒▒▒▒▒▒▒▒▒▒▒▒▒▒▒▒▒▒▒▒▒▒▒▒▒▒▒▒▒▒▒▒▒▒▒║
╠════════════════════════════════════════════════════════════════════════════════════════════════════╣
║ Total Energy: 256972800000.000 pJ                                                                  ║
║ Off-chip Memory Energy: 224000000000.000 pJ (87.17%)                                               ║
║ On-chip Memory Energy: 18892800000.000 pJ (7.35%)                                                  ║
║ Operations Energy:                                                                                 ║
║   - Operation 0: 2304000000.000 pJ (0.90%)                                                         ║
║   - Operation 1: 9472000000.000 pJ (3.69%)                                                         ║
║   - Operation 2: 2286000000.000 pJ (0.89%)                                                         ║
║   - Operation 3: 18000000.000 pJ (0.01%)                                                           ║
║                                                                                                    ║
║ Per-Batch Energy:                                                                                  ║
║   - Batch 0:                                                                                       ║
║     Total Energy: 231040000000.000 pJ                                                              ║
║     Off-chip Memory Energy: 224000000000.000 pJ                                                    ║
║     On-chip Memory Energy: 0.000 pJ                                                                ║
║     Operations Energy:                                                                             ║
║       - Operation 0: 1152000000.000 pJ                                                             ║
║       - Operation 1: 4736000000.000 pJ                                                             ║
║       - Operation 2: 1143000000.000 pJ                                                             ║
║       - Operation 3: 9000000.000 pJ                                                                ║
║   - Batch 1:                                                                                       ║
║     Total Energy: 25932800000.000 pJ                                                               ║
║     Off-chip Memory Energy: 0.000 pJ                                                               ║
║     On-chip Memory Energy: 18892800000.000 pJ                                                      ║
║     Operations Energy:                                                                             ║
║       - Operation 0: 1152000000.000 pJ                                                             ║
║       - Operation 1: 4736000000.000 pJ                                                             ║
║       - Operation 2: 1143000000.000 pJ                                                             ║
║       - Operation 3: 9000000.000 pJ                                                                ║
╚════════════════════════════════════════════════════════════════════════════════════════════════════╝
(Time elapsed(s) in energy estimation:   0.002480sec)
