
╔════════════════════════════════════════════════════════════════════════════════════════════════════╗
║▒▒▒▒▒▒▒▒▒▒▒▒▒▒▒▒▒▒▒▒▒▒▒▒▒▒▒▒▒▒▒《 General Simulation Configuration 》▒▒▒▒▒▒▒▒▒▒▒▒▒▒▒▒▒▒▒▒▒▒▒▒▒▒▒▒▒▒▒║
╠════════════════════════════════════════════════════════════════════════════════════════════════════╣
║ Dataset: /workspace/EVASim/datasets/vectordb/spacev250m_10m.txt                                    ║
║ Numeric format: 32 bits                                                                            ║
║ Num batches: 2                                                                                     ║
║ Num tables: 1                                                                                      ║
║ Batch Size (samples per batch): 1                                                                  ║
║ Vectors per table: 250000000                                                                       ║
║ Lookups per sample: 10000000                                                                       ║
║ Embedding Dimension 100                                                                            ║
╚════════════════════════════════════════════════════════════════════════════════════════════════════╝
(Time elapsed(s) in model and data gen:   2.804882sec)
[DEBUG] addr_trace shape: (2, 1, 40000000)
Converting vector indices into virtual memory addresses for batch 0...
Converting vector indices into virtual memory addresses for batch 1...
(Time elapsed(s) in address generation: 120.508829sec)

╔════════════════════════════════════════════════════════════════════════════════════════════════════╗
║▒▒▒▒▒▒▒▒▒▒▒▒▒▒▒▒▒▒▒▒▒▒▒▒▒▒▒▒▒▒▒▒▒《 On-Chip Memory Configuration 》▒▒▒▒▒▒▒▒▒▒▒▒▒▒▒▒▒▒▒▒▒▒▒▒▒▒▒▒▒▒▒▒▒║
╠════════════════════════════════════════════════════════════════════════════════════════════════════╣
║ Memory size: 134217728 B (128 MB)                                                                  ║
║ Memory type: spad                                                                                  ║
║ Memory policy: spad_random                                                                         ║
╚════════════════════════════════════════════════════════════════════════════════════════════════════╝
[DEBUG] self.access_per_vector: 4
[DEBUG] on_mem has 262144 elements.
on mem data structure size: 8192.11 KB
(Time elapsed(s) in create memory structure: 203.765081sec)

╔════════════════════════════════════════════════════════════════════════════════════════════════════╗
║▒▒▒▒▒▒▒▒▒▒▒▒▒▒▒▒▒▒▒▒▒▒▒▒▒▒▒▒▒▒▒▒▒▒▒▒▒▒▒《 Simulation Start 》▒▒▒▒▒▒▒▒▒▒▒▒▒▒▒▒▒▒▒▒▒▒▒▒▒▒▒▒▒▒▒▒▒▒▒▒▒▒▒║
╚════════════════════════════════════════════════════════════════════════════════════════════════════╝
Simulation for batch 0...
Simulation for batch 1...
Simulation Done

╔════════════════════════════════════════════════════════════════════════════════════════════════════╗
║▒▒▒▒▒▒▒▒▒▒▒▒▒▒▒▒▒▒▒▒▒▒▒▒▒▒▒▒▒▒▒▒▒▒▒▒▒▒《 Simulation Results 》▒▒▒▒▒▒▒▒▒▒▒▒▒▒▒▒▒▒▒▒▒▒▒▒▒▒▒▒▒▒▒▒▒▒▒▒▒▒║
╠════════════════════════════════════════════════════════════════════════════════════════════════════╣
║ Total hit ratio: 0.0010                                                                            ║
║ Total accesses: 80000000                                                                           ║
║ Total hits: 82168                                                                                  ║
║ Total misses: 79917832                                                                             ║
║                                                                                                    ║
║ Per batch results:                                                                                 ║
║ [Batch 0] hit ratio: 0.0010 accesses: 40000000 hits: 41084 misses: 39958916                        ║
║ [Batch 0] spad load: 0                                                                             ║
║ [Batch 1] hit ratio: 0.0010 accesses: 40000000 hits: 41084 misses: 39958916                        ║
║ [Batch 1] spad load: 0                                                                             ║
╚════════════════════════════════════════════════════════════════════════════════════════════════════╝
(Time elapsed(s) in do simulation:   3.147743sec)
[DEBUG] workload_type: vectordb



 START ENERGY ESTIMATION 

Setting parameters for energy estimation...
Setting workload configuration...
Setting energy table configuration...

============= Configuration Summary =============

[Workload Configuration]
Workload Type: vectordb
Number of Operation Types: 4

[Operation Details]
- Operation 0:
  Type: vadd
  Access per operation: 1
  Number of operations: 1
- Operation 1:
  Type: vmul
  Access per operation: 1
  Number of operations: 1
- Operation 2:
  Type: add
  Access per operation: 1
  Number of operations: 127
- Operation 3:
  Type: cmp
  Access per operation: 1
  Number of operations: 1

[Energy Table Configuration]
Technology Node: 45nm

Memory Access Energy (pJ/byte):
- Off-chip Memory: 43.750
- Global Buffer: 3.690
- Local Buffer: 1.250

Computation Energy (pJ):
INT8 Operations:
- Addition: 0.030
- Multiplication: 0.200
- Compare: 0.030

FP32 Operations:
- Addition: 0.900
- Multiplication: 3.700
- Compare: 0.900
=============================================

 [DEBUG] action type and count for op 0: vadd 40000000.0
 [DEBUG] action type and count for op 0: add 5120000000.0
 [DEBUG] action type and count for op 0: add 1280000000
 [DEBUG] action type and count for op 1: vmul 40000000.0
 [DEBUG] action type and count for op 1: mul 5120000000.0
 [DEBUG] action type and count for op 1: mul 1280000000
 [DEBUG] action type and count for op 2: add 5080000000.0
 [DEBUG] action type and count for op 2: add 1270000000
 [DEBUG] action type and count for op 3: cmp 40000000.0
 [DEBUG] action type and count for op 3: cmp 10000000
 [DEBUG] action type and count for op 0: vadd 40000000.0
 [DEBUG] action type and count for op 0: add 5120000000.0
 [DEBUG] action type and count for op 0: add 1280000000
 [DEBUG] action type and count for op 1: vmul 40000000.0
 [DEBUG] action type and count for op 1: mul 5120000000.0
 [DEBUG] action type and count for op 1: mul 1280000000
 [DEBUG] action type and count for op 2: add 5080000000.0
 [DEBUG] action type and count for op 2: add 1270000000
 [DEBUG] action type and count for op 3: cmp 40000000.0
 [DEBUG] action type and count for op 3: cmp 10000000

╔════════════════════════════════════════════════════════════════════════════════════════════════════╗
║▒▒▒▒▒▒▒▒▒▒▒▒▒▒▒▒▒▒▒▒▒▒▒▒▒▒▒▒▒▒▒▒▒▒▒《 Energy Estimation Results 》▒▒▒▒▒▒▒▒▒▒▒▒▒▒▒▒▒▒▒▒▒▒▒▒▒▒▒▒▒▒▒▒▒▒▒║
╚════════════════════════════════════════════════════════════════════════════════════════════════════╝

╔════════════════════════════════════════════════════════════════════════════════════════════════════╗
║▒▒▒▒▒▒▒▒▒▒▒▒▒▒▒▒▒▒▒▒▒▒▒▒▒▒▒▒▒▒▒▒▒▒▒《 Energy Estimation Results 》▒▒▒▒▒▒▒▒▒▒▒▒▒▒▒▒▒▒▒▒▒▒▒▒▒▒▒▒▒▒▒▒▒▒▒║
╠════════════════════════════════════════════════════════════════════════════════════════════════════╣
║ Total Energy: 461658668789.760 pJ                                                                  ║
║ Off-chip Memory Energy: 447539859200.000 pJ (96.94%)                                               ║
║ On-chip Memory Energy: 38809589.760 pJ (0.01%)                                                     ║
║ Operations Energy:                                                                                 ║
║   - Operation 0: 2304000000.000 pJ (0.50%)                                                         ║
║   - Operation 1: 9472000000.000 pJ (2.05%)                                                         ║
║   - Operation 2: 2286000000.000 pJ (0.50%)                                                         ║
║   - Operation 3: 18000000.000 pJ (0.00%)                                                           ║
║                                                                                                    ║
║ Per-Batch Energy:                                                                                  ║
║   - Batch 0:                                                                                       ║
║     Total Energy: 230829334394.880 pJ                                                              ║
║     Off-chip Memory Energy: 223769929600.000 pJ                                                    ║
║     On-chip Memory Energy: 19404794.880 pJ                                                         ║
║     Operations Energy:                                                                             ║
║       - Operation 0: 1152000000.000 pJ                                                             ║
║       - Operation 1: 4736000000.000 pJ                                                             ║
║       - Operation 2: 1143000000.000 pJ                                                             ║
║       - Operation 3: 9000000.000 pJ                                                                ║
║   - Batch 1:                                                                                       ║
║     Total Energy: 230829334394.880 pJ                                                              ║
║     Off-chip Memory Energy: 223769929600.000 pJ                                                    ║
║     On-chip Memory Energy: 19404794.880 pJ                                                         ║
║     Operations Energy:                                                                             ║
║       - Operation 0: 1152000000.000 pJ                                                             ║
║       - Operation 1: 4736000000.000 pJ                                                             ║
║       - Operation 2: 1143000000.000 pJ                                                             ║
║       - Operation 3: 9000000.000 pJ                                                                ║
╚════════════════════════════════════════════════════════════════════════════════════════════════════╝
(Time elapsed(s) in energy estimation:   0.002615sec)
