
╔════════════════════════════════════════════════════════════════════════════════════════════════════╗
║▒▒▒▒▒▒▒▒▒▒▒▒▒▒▒▒▒▒▒▒▒▒▒▒▒▒▒▒▒▒▒《 General Simulation Configuration 》▒▒▒▒▒▒▒▒▒▒▒▒▒▒▒▒▒▒▒▒▒▒▒▒▒▒▒▒▒▒▒║
╠════════════════════════════════════════════════════════════════════════════════════════════════════╣
║ Dataset: /home/choi/2nd/EVASim/datasets/dlrm/reuse_high_table_1M.txt                               ║
║ Numeric format: 8 bits                                                                             ║
║ Num batches: 1                                                                                     ║
║ Num tables: 5                                                                                      ║
║ Batch Size (samples per batch): 128                                                                ║
║ Vectors per table: 1000000                                                                         ║
║ Lookups per sample: 170                                                                            ║
║ Embedding Dimension 256                                                                            ║
╚════════════════════════════════════════════════════════════════════════════════════════════════════╝
(Time elapsed(s) in model and data gen:   0.848136sec)
[DEBUG] addr_trace shape: (1, 5, 43520)
Converting vector indices into virtual memory addresses for batch 0...
(Time elapsed(s) in address generation:   0.497026sec)

╔════════════════════════════════════════════════════════════════════════════════════════════════════╗
║▒▒▒▒▒▒▒▒▒▒▒▒▒▒▒▒▒▒▒▒▒▒▒▒▒▒▒▒▒▒▒▒▒《 On-Chip Memory Configuration 》▒▒▒▒▒▒▒▒▒▒▒▒▒▒▒▒▒▒▒▒▒▒▒▒▒▒▒▒▒▒▒▒▒║
╠════════════════════════════════════════════════════════════════════════════════════════════════════╣
║ Memory size: 134217728 B (128 MB)                                                                  ║
║ Memory type: profile                                                                               ║
║ Memory policy: profile_dynamic_cache                                                               ║
╚════════════════════════════════════════════════════════════════════════════════════════════════════╝
[DEBUG] logger can contain 524288 vectors
[DEBUG] logger is empty. Set the spad with the naive method.
on mem data structure size: 8192.11 KB
(Time elapsed(s) in create memory structure:   1.880435sec)

╔════════════════════════════════════════════════════════════════════════════════════════════════════╗
║▒▒▒▒▒▒▒▒▒▒▒▒▒▒▒▒▒▒▒▒▒▒▒▒▒▒▒▒▒▒▒▒▒▒▒▒▒▒▒《 Simulation Start 》▒▒▒▒▒▒▒▒▒▒▒▒▒▒▒▒▒▒▒▒▒▒▒▒▒▒▒▒▒▒▒▒▒▒▒▒▒▒▒║
╚════════════════════════════════════════════════════════════════════════════════════════════════════╝
Simulation for batch 0...
[DEBUG] update spad / dynamic_counter: 10000
[DEBUG] on_mem_set type: <class 'numpy.ndarray'>, shape: (1048576,), dtype: int64
[DEBUG] on_mem_set[0]: 121319808, on_mem_set[-1]: 0
[DEBUG] update spad / dynamic_counter: 10000
[DEBUG] on_mem_set type: <class 'numpy.ndarray'>, shape: (1048576,), dtype: int64
[DEBUG] on_mem_set[0]: 223003776, on_mem_set[-1]: 0
[DEBUG] update spad / dynamic_counter: 10000
[DEBUG] on_mem_set type: <class 'numpy.ndarray'>, shape: (1048576,), dtype: int64
[DEBUG] on_mem_set[0]: 130368384, on_mem_set[-1]: 0
[DEBUG] update spad / dynamic_counter: 10000
[DEBUG] on_mem_set type: <class 'numpy.ndarray'>, shape: (1048576,), dtype: int64
[DEBUG] on_mem_set[0]: 136281728, on_mem_set[-1]: 0
[DEBUG] update spad / dynamic_counter: 10000
[DEBUG] on_mem_set type: <class 'numpy.ndarray'>, shape: (1048576,), dtype: int64
[DEBUG] on_mem_set[0]: 174702208, on_mem_set[-1]: 0
[DEBUG] update spad / dynamic_counter: 10000
[DEBUG] on_mem_set type: <class 'numpy.ndarray'>, shape: (1048576,), dtype: int64
[DEBUG] on_mem_set[0]: 351216512, on_mem_set[-1]: 0
[DEBUG] update spad / dynamic_counter: 10000
[DEBUG] on_mem_set type: <class 'numpy.ndarray'>, shape: (1048576,), dtype: int64
[DEBUG] on_mem_set[0]: 386846848, on_mem_set[-1]: 0
[DEBUG] update spad / dynamic_counter: 10000
[DEBUG] on_mem_set type: <class 'numpy.ndarray'>, shape: (1048576,), dtype: int64
[DEBUG] on_mem_set[0]: 180557184, on_mem_set[-1]: 0
[DEBUG] update spad / dynamic_counter: 10000
[DEBUG] on_mem_set type: <class 'numpy.ndarray'>, shape: (1048576,), dtype: int64
[DEBUG] on_mem_set[0]: 373447040, on_mem_set[-1]: 0
[DEBUG] update spad / dynamic_counter: 10000
[DEBUG] on_mem_set type: <class 'numpy.ndarray'>, shape: (1048576,), dtype: int64
[DEBUG] on_mem_set[0]: 271093120, on_mem_set[-1]: 0
[DEBUG] update spad / dynamic_counter: 10000
[DEBUG] on_mem_set type: <class 'numpy.ndarray'>, shape: (1048576,), dtype: int64
[DEBUG] on_mem_set[0]: 505148544, on_mem_set[-1]: 0
[DEBUG] update spad / dynamic_counter: 10000
[DEBUG] on_mem_set type: <class 'numpy.ndarray'>, shape: (1048576,), dtype: int64
[DEBUG] on_mem_set[0]: 337516928, on_mem_set[-1]: 0
[DEBUG] update spad / dynamic_counter: 10000
[DEBUG] on_mem_set type: <class 'numpy.ndarray'>, shape: (1048576,), dtype: int64
[DEBUG] on_mem_set[0]: 434882688, on_mem_set[-1]: 0
[DEBUG] update spad / dynamic_counter: 10000
[DEBUG] on_mem_set type: <class 'numpy.ndarray'>, shape: (1048576,), dtype: int64
[DEBUG] on_mem_set[0]: 587253376, on_mem_set[-1]: 0
[DEBUG] update spad / dynamic_counter: 10000
[DEBUG] on_mem_set type: <class 'numpy.ndarray'>, shape: (1048576,), dtype: int64
[DEBUG] on_mem_set[0]: 462573696, on_mem_set[-1]: 0
[DEBUG] update spad / dynamic_counter: 10000
[DEBUG] on_mem_set type: <class 'numpy.ndarray'>, shape: (1048576,), dtype: int64
[DEBUG] on_mem_set[0]: 643010176, on_mem_set[-1]: 0
[DEBUG] update spad / dynamic_counter: 10000
[DEBUG] on_mem_set type: <class 'numpy.ndarray'>, shape: (1048576,), dtype: int64
[DEBUG] on_mem_set[0]: 546850944, on_mem_set[-1]: 0
[DEBUG] update spad / dynamic_counter: 10000
[DEBUG] on_mem_set type: <class 'numpy.ndarray'>, shape: (1048576,), dtype: int64
[DEBUG] on_mem_set[0]: 542556288, on_mem_set[-1]: 0
[DEBUG] update spad / dynamic_counter: 10000
[DEBUG] on_mem_set type: <class 'numpy.ndarray'>, shape: (1048576,), dtype: int64
[DEBUG] on_mem_set[0]: 619415424, on_mem_set[-1]: 0
[DEBUG] update spad / dynamic_counter: 10000
[DEBUG] on_mem_set type: <class 'numpy.ndarray'>, shape: (1048576,), dtype: int64
[DEBUG] on_mem_set[0]: 704049024, on_mem_set[-1]: 0
[DEBUG] update spad / dynamic_counter: 10000
[DEBUG] on_mem_set type: <class 'numpy.ndarray'>, shape: (1048576,), dtype: int64
[DEBUG] on_mem_set[0]: 757505408, on_mem_set[-1]: 0
Simulation Done

╔════════════════════════════════════════════════════════════════════════════════════════════════════╗
║▒▒▒▒▒▒▒▒▒▒▒▒▒▒▒▒▒▒▒▒▒▒▒▒▒▒▒▒▒▒▒▒▒▒▒▒▒▒《 Simulation Results 》▒▒▒▒▒▒▒▒▒▒▒▒▒▒▒▒▒▒▒▒▒▒▒▒▒▒▒▒▒▒▒▒▒▒▒▒▒▒║
╠════════════════════════════════════════════════════════════════════════════════════════════════════╣
║ Total hit ratio: 0.5568                                                                            ║
║ Total accesses: 217600                                                                             ║
║ Total hits: 121150                                                                                 ║
║ Total misses: 96450                                                                                ║
║                                                                                                    ║
║ Per batch results:                                                                                 ║
║ [Batch 0] hit ratio: 0.5568 accesses: 217600 hits: 121150 misses: 96450                            ║
╚════════════════════════════════════════════════════════════════════════════════════════════════════╝
(Time elapsed(s) in do simulation:  81.334176sec)
