
************************************
* General Simulation Configuration *
************************************
Dataset: /workspace/EVASim/datasets/reuse_high/table_1M.txt
Numeric format: 8 bits
Num batches: 1
Num tables: 512
Batch Size (samples per batch): 32
Vectors per table: 1000000
Lookups per sample: 170
Embedding Dimension 256
************************************
(Time elapsed(s) in model and data gen:   0.719325sec)
[DEBUG] addr_trace shape: (1, 512, 10880)
Converting vector indices into virtual memory addresses for batch 0...
len(emb_dataset): 1
len(emb_dataset[0]): 512
emb_dataset[0][0].shape: (10880,)
(Time elapsed(s) in address generation:  20.344115sec)

********************************
* On-Chip Memory Configuration *
********************************
Memory size: 134217728 B (128 MB)
Memory type: spad
Memory policy: spad_naive
********************************
[DEBUG] on_mem has 1048576 elements.
on mem data structure size: 8192.11 KB
(Time elapsed(s) in create memory structure:   2.675715sec)

********************
* Simulation Start *
********************
Simulation for batch 0...
Simulation Done

**********************
* Simulation Results *
**********************
Total hit ratio: 0.0010
Total accesses: 5570560
Total hits: 5728
Total misses: 5564832
----------------------------------------
Per batch results
[Batch 0] hit ratio: 0.0010   accesses: 5570560   hits: 5728   misses: 5564832
**********************
(Time elapsed(s) in do simulation:   9.205473sec)
