
╔════════════════════════════════════════════════════════════════════════════════════════════════════╗
║▒▒▒▒▒▒▒▒▒▒▒▒▒▒▒▒▒▒▒▒▒▒▒▒▒▒▒▒▒▒▒《 General Simulation Configuration 》▒▒▒▒▒▒▒▒▒▒▒▒▒▒▒▒▒▒▒▒▒▒▒▒▒▒▒▒▒▒▒║
╠════════════════════════════════════════════════════════════════════════════════════════════════════╣
║ Dataset: /home/choi/2nd/EVASim/datasets/dlrm/reuse_high_table_1M.txt                               ║
║ Numeric format: 8 bits                                                                             ║
║ Num batches: 1                                                                                     ║
║ Num tables: 10                                                                                     ║
║ Batch Size (samples per batch): 128                                                                ║
║ Vectors per table: 1000000                                                                         ║
║ Lookups per sample: 170                                                                            ║
║ Embedding Dimension 256                                                                            ║
╚════════════════════════════════════════════════════════════════════════════════════════════════════╝
(Time elapsed(s) in model and data gen:   0.886404sec)
[DEBUG] addr_trace shape: (1, 10, 43520)
Converting vector indices into virtual memory addresses for batch 0...
(Time elapsed(s) in address generation:   1.004579sec)

╔════════════════════════════════════════════════════════════════════════════════════════════════════╗
║▒▒▒▒▒▒▒▒▒▒▒▒▒▒▒▒▒▒▒▒▒▒▒▒▒▒▒▒▒▒▒▒▒《 On-Chip Memory Configuration 》▒▒▒▒▒▒▒▒▒▒▒▒▒▒▒▒▒▒▒▒▒▒▒▒▒▒▒▒▒▒▒▒▒║
╠════════════════════════════════════════════════════════════════════════════════════════════════════╣
║ Memory size: 134217728 B (128 MB)                                                                  ║
║ Memory type: profile                                                                               ║
║ Memory policy: profile_dynamic_cache                                                               ║
╚════════════════════════════════════════════════════════════════════════════════════════════════════╝
[DEBUG] logger can contain 524288 vectors
[DEBUG] logger is empty. Set the spad with the naive method.
on mem data structure size: 8192.11 KB
(Time elapsed(s) in create memory structure:   1.908401sec)

╔════════════════════════════════════════════════════════════════════════════════════════════════════╗
║▒▒▒▒▒▒▒▒▒▒▒▒▒▒▒▒▒▒▒▒▒▒▒▒▒▒▒▒▒▒▒▒▒▒▒▒▒▒▒《 Simulation Start 》▒▒▒▒▒▒▒▒▒▒▒▒▒▒▒▒▒▒▒▒▒▒▒▒▒▒▒▒▒▒▒▒▒▒▒▒▒▒▒║
╚════════════════════════════════════════════════════════════════════════════════════════════════════╝
Simulation for batch 0...
[DEBUG] update spad / dynamic_counter: 10000
[DEBUG] on_mem_set type: <class 'numpy.ndarray'>, shape: (1048576,), dtype: int64
[DEBUG] on_mem_set[0]: 121319808, on_mem_set[-1]: 0
[DEBUG] update spad / dynamic_counter: 10000
[DEBUG] on_mem_set type: <class 'numpy.ndarray'>, shape: (1048576,), dtype: int64
[DEBUG] on_mem_set[0]: 223003776, on_mem_set[-1]: 0
[DEBUG] update spad / dynamic_counter: 10000
[DEBUG] on_mem_set type: <class 'numpy.ndarray'>, shape: (1048576,), dtype: int64
[DEBUG] on_mem_set[0]: 130368384, on_mem_set[-1]: 0
[DEBUG] update spad / dynamic_counter: 10000
[DEBUG] on_mem_set type: <class 'numpy.ndarray'>, shape: (1048576,), dtype: int64
[DEBUG] on_mem_set[0]: 136281728, on_mem_set[-1]: 0
[DEBUG] update spad / dynamic_counter: 10000
[DEBUG] on_mem_set type: <class 'numpy.ndarray'>, shape: (1048576,), dtype: int64
[DEBUG] on_mem_set[0]: 174702208, on_mem_set[-1]: 0
[DEBUG] update spad / dynamic_counter: 10000
[DEBUG] on_mem_set type: <class 'numpy.ndarray'>, shape: (1048576,), dtype: int64
[DEBUG] on_mem_set[0]: 351216512, on_mem_set[-1]: 0
[DEBUG] update spad / dynamic_counter: 10000
[DEBUG] on_mem_set type: <class 'numpy.ndarray'>, shape: (1048576,), dtype: int64
[DEBUG] on_mem_set[0]: 386846848, on_mem_set[-1]: 0
[DEBUG] update spad / dynamic_counter: 10000
[DEBUG] on_mem_set type: <class 'numpy.ndarray'>, shape: (1048576,), dtype: int64
[DEBUG] on_mem_set[0]: 180557184, on_mem_set[-1]: 0
[DEBUG] update spad / dynamic_counter: 10000
[DEBUG] on_mem_set type: <class 'numpy.ndarray'>, shape: (1048576,), dtype: int64
[DEBUG] on_mem_set[0]: 373447040, on_mem_set[-1]: 0
[DEBUG] update spad / dynamic_counter: 10000
[DEBUG] on_mem_set type: <class 'numpy.ndarray'>, shape: (1048576,), dtype: int64
[DEBUG] on_mem_set[0]: 271093120, on_mem_set[-1]: 0
[DEBUG] update spad / dynamic_counter: 10000
[DEBUG] on_mem_set type: <class 'numpy.ndarray'>, shape: (1048576,), dtype: int64
[DEBUG] on_mem_set[0]: 505148544, on_mem_set[-1]: 0
[DEBUG] update spad / dynamic_counter: 10000
[DEBUG] on_mem_set type: <class 'numpy.ndarray'>, shape: (1048576,), dtype: int64
[DEBUG] on_mem_set[0]: 337516928, on_mem_set[-1]: 0
[DEBUG] update spad / dynamic_counter: 10000
[DEBUG] on_mem_set type: <class 'numpy.ndarray'>, shape: (1048576,), dtype: int64
[DEBUG] on_mem_set[0]: 434882688, on_mem_set[-1]: 0
[DEBUG] update spad / dynamic_counter: 10000
[DEBUG] on_mem_set type: <class 'numpy.ndarray'>, shape: (1048576,), dtype: int64
[DEBUG] on_mem_set[0]: 587253376, on_mem_set[-1]: 0
[DEBUG] update spad / dynamic_counter: 10000
[DEBUG] on_mem_set type: <class 'numpy.ndarray'>, shape: (1048576,), dtype: int64
[DEBUG] on_mem_set[0]: 462573696, on_mem_set[-1]: 0
[DEBUG] update spad / dynamic_counter: 10000
[DEBUG] on_mem_set type: <class 'numpy.ndarray'>, shape: (1048576,), dtype: int64
[DEBUG] on_mem_set[0]: 643010176, on_mem_set[-1]: 0
[DEBUG] update spad / dynamic_counter: 10000
[DEBUG] on_mem_set type: <class 'numpy.ndarray'>, shape: (1048576,), dtype: int64
[DEBUG] on_mem_set[0]: 546850944, on_mem_set[-1]: 0
[DEBUG] update spad / dynamic_counter: 10000
[DEBUG] on_mem_set type: <class 'numpy.ndarray'>, shape: (1048576,), dtype: int64
[DEBUG] on_mem_set[0]: 542556288, on_mem_set[-1]: 0
[DEBUG] update spad / dynamic_counter: 10000
[DEBUG] on_mem_set type: <class 'numpy.ndarray'>, shape: (1048576,), dtype: int64
[DEBUG] on_mem_set[0]: 619415424, on_mem_set[-1]: 0
[DEBUG] update spad / dynamic_counter: 10000
[DEBUG] on_mem_set type: <class 'numpy.ndarray'>, shape: (1048576,), dtype: int64
[DEBUG] on_mem_set[0]: 704049024, on_mem_set[-1]: 0
[DEBUG] update spad / dynamic_counter: 10000
[DEBUG] on_mem_set type: <class 'numpy.ndarray'>, shape: (1048576,), dtype: int64
[DEBUG] on_mem_set[0]: 757505408, on_mem_set[-1]: 0
[DEBUG] update spad / dynamic_counter: 10000
[DEBUG] on_mem_set type: <class 'numpy.ndarray'>, shape: (1048576,), dtype: int64
[DEBUG] on_mem_set[0]: 912265600, on_mem_set[-1]: 0
[DEBUG] update spad / dynamic_counter: 10000
[DEBUG] on_mem_set type: <class 'numpy.ndarray'>, shape: (1048576,), dtype: int64
[DEBUG] on_mem_set[0]: 838015360, on_mem_set[-1]: 0
[DEBUG] update spad / dynamic_counter: 10000
[DEBUG] on_mem_set type: <class 'numpy.ndarray'>, shape: (1048576,), dtype: int64
[DEBUG] on_mem_set[0]: 740303488, on_mem_set[-1]: 0
[DEBUG] update spad / dynamic_counter: 10000
[DEBUG] on_mem_set type: <class 'numpy.ndarray'>, shape: (1048576,), dtype: int64
[DEBUG] on_mem_set[0]: 813366144, on_mem_set[-1]: 0
[DEBUG] update spad / dynamic_counter: 10000
[DEBUG] on_mem_set type: <class 'numpy.ndarray'>, shape: (1048576,), dtype: int64
[DEBUG] on_mem_set[0]: 920321152, on_mem_set[-1]: 0
[DEBUG] update spad / dynamic_counter: 10000
[DEBUG] on_mem_set type: <class 'numpy.ndarray'>, shape: (1048576,), dtype: int64
[DEBUG] on_mem_set[0]: 1018184576, on_mem_set[-1]: 0
[DEBUG] update spad / dynamic_counter: 10000
[DEBUG] on_mem_set type: <class 'numpy.ndarray'>, shape: (1048576,), dtype: int64
[DEBUG] on_mem_set[0]: 846987392, on_mem_set[-1]: 0
[DEBUG] update spad / dynamic_counter: 10000
[DEBUG] on_mem_set type: <class 'numpy.ndarray'>, shape: (1048576,), dtype: int64
[DEBUG] on_mem_set[0]: 811250816, on_mem_set[-1]: 0
[DEBUG] update spad / dynamic_counter: 10000
[DEBUG] on_mem_set type: <class 'numpy.ndarray'>, shape: (1048576,), dtype: int64
[DEBUG] on_mem_set[0]: 805927808, on_mem_set[-1]: 0
[DEBUG] update spad / dynamic_counter: 10000
[DEBUG] on_mem_set type: <class 'numpy.ndarray'>, shape: (1048576,), dtype: int64
[DEBUG] on_mem_set[0]: 1136550272, on_mem_set[-1]: 0
[DEBUG] update spad / dynamic_counter: 10000
[DEBUG] on_mem_set type: <class 'numpy.ndarray'>, shape: (1048576,), dtype: int64
[DEBUG] on_mem_set[0]: 1021195648, on_mem_set[-1]: 0
[DEBUG] update spad / dynamic_counter: 10000
[DEBUG] on_mem_set type: <class 'numpy.ndarray'>, shape: (1048576,), dtype: int64
[DEBUG] on_mem_set[0]: 960251520, on_mem_set[-1]: 0
[DEBUG] update spad / dynamic_counter: 10000
[DEBUG] on_mem_set type: <class 'numpy.ndarray'>, shape: (1048576,), dtype: int64
[DEBUG] on_mem_set[0]: 963574656, on_mem_set[-1]: 0
[DEBUG] update spad / dynamic_counter: 10000
[DEBUG] on_mem_set type: <class 'numpy.ndarray'>, shape: (1048576,), dtype: int64
[DEBUG] on_mem_set[0]: 1144609152, on_mem_set[-1]: 0
[DEBUG] update spad / dynamic_counter: 10000
[DEBUG] on_mem_set type: <class 'numpy.ndarray'>, shape: (1048576,), dtype: int64
[DEBUG] on_mem_set[0]: 1318634880, on_mem_set[-1]: 0
[DEBUG] update spad / dynamic_counter: 10000
[DEBUG] on_mem_set type: <class 'numpy.ndarray'>, shape: (1048576,), dtype: int64
[DEBUG] on_mem_set[0]: 1313182336, on_mem_set[-1]: 0
[DEBUG] update spad / dynamic_counter: 10000
[DEBUG] on_mem_set type: <class 'numpy.ndarray'>, shape: (1048576,), dtype: int64
[DEBUG] on_mem_set[0]: 1075114368, on_mem_set[-1]: 0
[DEBUG] update spad / dynamic_counter: 10000
[DEBUG] on_mem_set type: <class 'numpy.ndarray'>, shape: (1048576,), dtype: int64
[DEBUG] on_mem_set[0]: 1108024448, on_mem_set[-1]: 0
[DEBUG] update spad / dynamic_counter: 10000
[DEBUG] on_mem_set type: <class 'numpy.ndarray'>, shape: (1048576,), dtype: int64
[DEBUG] on_mem_set[0]: 1436261504, on_mem_set[-1]: 0
[DEBUG] update spad / dynamic_counter: 10000
[DEBUG] on_mem_set type: <class 'numpy.ndarray'>, shape: (1048576,), dtype: int64
[DEBUG] on_mem_set[0]: 1400854144, on_mem_set[-1]: 0
[DEBUG] update spad / dynamic_counter: 10000
[DEBUG] on_mem_set type: <class 'numpy.ndarray'>, shape: (1048576,), dtype: int64
[DEBUG] on_mem_set[0]: 1387951744, on_mem_set[-1]: 0
[DEBUG] update spad / dynamic_counter: 10000
[DEBUG] on_mem_set type: <class 'numpy.ndarray'>, shape: (1048576,), dtype: int64
[DEBUG] on_mem_set[0]: 1372308864, on_mem_set[-1]: 0
Simulation Done

╔════════════════════════════════════════════════════════════════════════════════════════════════════╗
║▒▒▒▒▒▒▒▒▒▒▒▒▒▒▒▒▒▒▒▒▒▒▒▒▒▒▒▒▒▒▒▒▒▒▒▒▒▒《 Simulation Results 》▒▒▒▒▒▒▒▒▒▒▒▒▒▒▒▒▒▒▒▒▒▒▒▒▒▒▒▒▒▒▒▒▒▒▒▒▒▒║
╠════════════════════════════════════════════════════════════════════════════════════════════════════╣
║ Total hit ratio: 0.5280                                                                            ║
║ Total accesses: 435200                                                                             ║
║ Total hits: 229794                                                                                 ║
║ Total misses: 205406                                                                               ║
║                                                                                                    ║
║ Per batch results:                                                                                 ║
║ [Batch 0] hit ratio: 0.5280 accesses: 435200 hits: 229794 misses: 205406                           ║
╚════════════════════════════════════════════════════════════════════════════════════════════════════╝
(Time elapsed(s) in do simulation: 162.699550sec)
