[DEBUG] Dataset path set to: /workspace/EVASim/datasets/dlrm/reuse_high_table_1M.txt

â•”â•—
â•‘’’’’’’’’’’’’’’’’’’’’’’’’’’’’’’’’’ã€Š Simulation Configuration ã€‹’’’’’’’’’’’’’’’’’’’’’’’’’’’’’’’’’â•‘
â• â•£
â•‘ Memory Configuration:                                                                              â•‘
â•‘   Type: spad                                                                                       â•‘
â•‘   Policy: spad_naive                                                                               â•‘
â•‘   Size: 512KB                                                                                      â•‘
â•‘                                                                                                    â•‘
â•‘ Embedding Configuration:                                                                           â•‘
â•‘   Dimension: 128                                                                                   â•‘
â•‘   Table sizes: 100000-100000-100000-100000-100000-100000-100000-100000-100000-100000               â•‘
â•‘                                                                                                    â•‘
â•‘ Dataset Configuration:                                                                             â•‘
â•‘   Number of batches: 15                                                                            â•‘
â•‘   Batch size: 32                                                                                   â•‘
â•‘   Indices per lookup: 20                                                                           â•‘
â•‘   Dataset path: /workspace/EVASim/datasets/dlrm/reuse_high_table_1M.txt                            â•‘
â•‘                                                                                                    â•‘
â•‘ Other Configuration:                                                                               â•‘
â•‘   Memory granularity: 8 bytes                                                                      â•‘
â•‘   Number format size: 1 bytes                                                                      â•‘
â•šâ•
[DEBUG] Read 3164769 indices from /workspace/EVASim/datasets/dlrm/reuse_high_table_1M.txt
(Time elapsed(s) in Generating embedding indices: 0.121721sec)
Converting vector indices into virtual memory addresses...
Processing batch 0...
Processing batch 1...
Processing batch 2...
Processing batch 3...
Processing batch 4...
Processing batch 5...
Processing batch 6...
Processing batch 7...
Processing batch 8...
Processing batch 9...
Processing batch 10...
Processing batch 11...
Processing batch 12...
Processing batch 13...
Processing batch 14...
(Time elapsed(s) in Converting indices to addresses: 0.017546sec)

â•”â•—
â•‘’’’’’’’’’’’’’’’’’’’’’’’’’’’’’’’ã€Š On-Chip Memory Configuration ã€‹’’’’’’’’’’’’’’’’’’’’’’’’’’’’’’’â•‘
â• â•£
â•‘ Memory size: 524288 B (0 MB)                                                                       â•‘
â•‘ Memory type: spad                                                                                  â•‘
â•‘ Memory policy: spad_naive                                                                          â•‘
â•šâ•
Setting spad...
[DEBUG] on_mem has 64 elements.
(Time elapsed(s) in Creating on-chip memory: 0.000001sec)

â•”â•—
â•‘’’’’’’’’’’’’’’’’’’’’’’’’’’’’’’’’’’’’’ã€Š Simulation Start ã€‹’’’’’’’’’’’’’’’’’’’’’’’’’’’’’’’’’’’’’â•‘
â•šâ•
Simulation for batch 0...
Simulation for batch 1...
Simulation for batch 2...
Simulation for batch 3...
Simulation for batch 4...
Simulation for batch 5...
Simulation for batch 6...
Simulation for batch 7...
Simulation for batch 8...
Simulation for batch 9...
Simulation for batch 10...
Simulation for batch 11...
Simulation for batch 12...
Simulation for batch 13...
Simulation for batch 14...
Simulation Done

â•”â•—
â•‘’’’’’’’’’’’’’’’’’’’’’’’’’’’’’’’’’’’’ã€Š Simulation Results ã€‹’’’’’’’’’’’’’’’’’’’’’’’’’’’’’’’’’’’’â•‘
â• â•£
â•‘ Total hit ratio: 0.000000                                                                          â•‘
â•‘ Total accesses: 1536000                                                                            â•‘
â•‘ Total hits: 0                                                                                      â•‘
â•‘ Total misses: 1536000                                                                              â•‘
â•‘                                                                                                    â•‘
â•‘ Per batch results:                                                                                 â•‘
â•‘ [Batch 0] hit ratio: 0.000000 accesses: 102400 hits: 0 misses: 102400                              â•‘
â•‘ [Batch 1] hit ratio: 0.000000 accesses: 102400 hits: 0 misses: 102400                              â•‘
â•‘ [Batch 2] hit ratio: 0.000000 accesses: 102400 hits: 0 misses: 102400                              â•‘
â•‘ [Batch 3] hit ratio: 0.000000 accesses: 102400 hits: 0 misses: 102400                              â•‘
â•‘ [Batch 4] hit ratio: 0.000000 accesses: 102400 hits: 0 misses: 102400                              â•‘
â•‘ [Batch 5] hit ratio: 0.000000 accesses: 102400 hits: 0 misses: 102400                              â•‘
â•‘ [Batch 6] hit ratio: 0.000000 accesses: 102400 hits: 0 misses: 102400                              â•‘
â•‘ [Batch 7] hit ratio: 0.000000 accesses: 102400 hits: 0 misses: 102400                              â•‘
â•‘ [Batch 8] hit ratio: 0.000000 accesses: 102400 hits: 0 misses: 102400                              â•‘
â•‘ [Batch 9] hit ratio: 0.000000 accesses: 102400 hits: 0 misses: 102400                              â•‘
â•‘ [Batch 10] hit ratio: 0.000000 accesses: 102400 hits: 0 misses: 102400                             â•‘
â•‘ [Batch 11] hit ratio: 0.000000 accesses: 102400 hits: 0 misses: 102400                             â•‘
â•‘ [Batch 12] hit ratio: 0.000000 accesses: 102400 hits: 0 misses: 102400                             â•‘
â•‘ [Batch 13] hit ratio: 0.000000 accesses: 102400 hits: 0 misses: 102400                             â•‘
â•‘ [Batch 14] hit ratio: 0.000000 accesses: 102400 hits: 0 misses: 102400                             â•‘
â•šâ•
(Time elapsed(s) in Simulation: 0.012736sec)
