
╔════════════════════════════════════════════════════════════════════════════════════════════════════╗
║▒▒▒▒▒▒▒▒▒▒▒▒▒▒▒▒▒▒▒▒▒▒▒▒▒▒▒▒▒▒▒《 General Simulation Configuration 》▒▒▒▒▒▒▒▒▒▒▒▒▒▒▒▒▒▒▒▒▒▒▒▒▒▒▒▒▒▒▒║
╠════════════════════════════════════════════════════════════════════════════════════════════════════╣
║ Dataset: /workspace/EVASim/datasets/reuse_medium/table_1M.txt                                      ║
║ Numeric format: 8 bits                                                                             ║
║ Num batches: 10                                                                                    ║
║ Num tables: 512                                                                                    ║
║ Batch Size (samples per batch): 128                                                                ║
║ Vectors per table: 1000000                                                                         ║
║ Lookups per sample: 170                                                                            ║
║ Embedding Dimension 256                                                                            ║
╚════════════════════════════════════════════════════════════════════════════════════════════════════╝
(Time elapsed(s) in model and data gen:   6.772150sec)
[DEBUG] addr_trace shape: (10, 512, 43520)
Converting vector indices into virtual memory addresses for batch 0...
Converting vector indices into virtual memory addresses for batch 1...
Converting vector indices into virtual memory addresses for batch 2...
Converting vector indices into virtual memory addresses for batch 3...
Converting vector indices into virtual memory addresses for batch 4...
Converting vector indices into virtual memory addresses for batch 5...
Converting vector indices into virtual memory addresses for batch 6...
Converting vector indices into virtual memory addresses for batch 7...
Converting vector indices into virtual memory addresses for batch 8...
Converting vector indices into virtual memory addresses for batch 9...
(Time elapsed(s) in address generation: 836.024000sec)

********************************
* On-Chip Memory Configuration *
********************************
Memory size: 134217728 B (128 MB)
Memory type: cache
Memory policy: cache_LRU
Cache way: 16-way
Cache line size: 128 B
Cache set: 65536 sets
Cache tag bits: 25 bits
********************************
on mem data structure size: 549.30 KB
(Time elapsed(s) in create memory structure:   0.511101sec)

********************
* Simulation Start *
********************
Processing batch 0...
Processing batch 1...
Processing batch 2...
Processing batch 3...
Processing batch 4...
Processing batch 5...
Processing batch 6...
Processing batch 7...
Processing batch 8...
Processing batch 9...
Simulation Done

**********************
* Simulation Results *
**********************
Total hit ratio: 0.6165
Total accesses: 222822400
Total hits: 137364224
Total misses: 85458176
----------------------------------------
Per batch results
[Batch 0] hit ratio: 0.6169   accesses: 22282240   hits: 13746974   misses: 8535266
[Batch 1] hit ratio: 0.6161   accesses: 22282240   hits: 13728274   misses: 8553966
[Batch 2] hit ratio: 0.6167   accesses: 22282240   hits: 13740878   misses: 8541362
[Batch 3] hit ratio: 0.6159   accesses: 22282240   hits: 13722908   misses: 8559332
[Batch 4] hit ratio: 0.6168   accesses: 22282240   hits: 13743896   misses: 8538344
[Batch 5] hit ratio: 0.6164   accesses: 22282240   hits: 13735040   misses: 8547200
[Batch 6] hit ratio: 0.6167   accesses: 22282240   hits: 13741654   misses: 8540586
[Batch 7] hit ratio: 0.6159   accesses: 22282240   hits: 13722698   misses: 8559542
[Batch 8] hit ratio: 0.6167   accesses: 22282240   hits: 13740816   misses: 8541424
[Batch 9] hit ratio: 0.6167   accesses: 22282240   hits: 13741086   misses: 8541154
**********************
(Time elapsed(s) in do simulation: 578.801386sec)
