
╔════════════════════════════════════════════════════════════════════════════════════════════════════╗
║▒▒▒▒▒▒▒▒▒▒▒▒▒▒▒▒▒▒▒▒▒▒▒▒▒▒▒▒▒▒▒《 General Simulation Configuration 》▒▒▒▒▒▒▒▒▒▒▒▒▒▒▒▒▒▒▒▒▒▒▒▒▒▒▒▒▒▒▒║
╠════════════════════════════════════════════════════════════════════════════════════════════════════╣
║ Dataset: /workspace/EVASim/datasets/reuse_medium/table_1M.txt                                      ║
║ Numeric format: 8 bits                                                                             ║
║ Num batches: 10                                                                                    ║
║ Num tables: 512                                                                                    ║
║ Batch Size (samples per batch): 128                                                                ║
║ Vectors per table: 1000000                                                                         ║
║ Lookups per sample: 170                                                                            ║
║ Embedding Dimension 256                                                                            ║
╚════════════════════════════════════════════════════════════════════════════════════════════════════╝
(Time elapsed(s) in model and data gen:   6.845399sec)
[DEBUG] addr_trace shape: (10, 512, 43520)
Converting vector indices into virtual memory addresses for batch 0...
Converting vector indices into virtual memory addresses for batch 1...
Converting vector indices into virtual memory addresses for batch 2...
Converting vector indices into virtual memory addresses for batch 3...
Converting vector indices into virtual memory addresses for batch 4...
Converting vector indices into virtual memory addresses for batch 5...
Converting vector indices into virtual memory addresses for batch 6...
Converting vector indices into virtual memory addresses for batch 7...
Converting vector indices into virtual memory addresses for batch 8...
Converting vector indices into virtual memory addresses for batch 9...
(Time elapsed(s) in address generation: 830.206899sec)

╔════════════════════════════════════════════════════════════════════════════════════════════════════╗
║▒▒▒▒▒▒▒▒▒▒▒▒▒▒▒▒▒▒▒▒▒▒▒▒▒▒▒▒▒▒▒▒▒《 On-Chip Memory Configuration 》▒▒▒▒▒▒▒▒▒▒▒▒▒▒▒▒▒▒▒▒▒▒▒▒▒▒▒▒▒▒▒▒▒║
╠════════════════════════════════════════════════════════════════════════════════════════════════════╣
║ Memory size: 134217728 B (128 MB)                                                                  ║
║ Memory type: spad                                                                                  ║
║ Memory policy: spad_random                                                                         ║
╚════════════════════════════════════════════════════════════════════════════════════════════════════╝
[DEBUG] on_mem has 524288 elements.
on mem data structure size: 8192.11 KB
(Time elapsed(s) in create memory structure: 348.741457sec)

╔════════════════════════════════════════════════════════════════════════════════════════════════════╗
║▒▒▒▒▒▒▒▒▒▒▒▒▒▒▒▒▒▒▒▒▒▒▒▒▒▒▒▒▒▒▒▒▒▒▒▒▒▒▒《 Simulation Start 》▒▒▒▒▒▒▒▒▒▒▒▒▒▒▒▒▒▒▒▒▒▒▒▒▒▒▒▒▒▒▒▒▒▒▒▒▒▒▒║
╚════════════════════════════════════════════════════════════════════════════════════════════════════╝
Simulation for batch 0...
Simulation for batch 1...
Simulation for batch 2...
Simulation for batch 3...
Simulation for batch 4...
Simulation for batch 5...
Simulation for batch 6...
Simulation for batch 7...
Simulation for batch 8...
Simulation for batch 9...
Simulation Done

╔════════════════════════════════════════════════════════════════════════════════════════════════════╗
║▒▒▒▒▒▒▒▒▒▒▒▒▒▒▒▒▒▒▒▒▒▒▒▒▒▒▒▒▒▒▒▒▒▒▒▒▒▒《 Simulation Results 》▒▒▒▒▒▒▒▒▒▒▒▒▒▒▒▒▒▒▒▒▒▒▒▒▒▒▒▒▒▒▒▒▒▒▒▒▒▒║
╠════════════════════════════════════════════════════════════════════════════════════════════════════╣
║ Total hit ratio: 0.0020                                                                            ║
║ Total accesses: 222822400                                                                          ║
║ Total hits: 446732                                                                                 ║
║ Total misses: 222375668                                                                            ║
║                                                                                                    ║
║ Per batch results:                                                                                 ║
║ [Batch 0] hit ratio: 0.0019 accesses: 22282240 hits: 43262 misses: 22238978                        ║
║ [Batch 1] hit ratio: 0.0020 accesses: 22282240 hits: 45422 misses: 22236818                        ║
║ [Batch 2] hit ratio: 0.0020 accesses: 22282240 hits: 43812 misses: 22238428                        ║
║ [Batch 3] hit ratio: 0.0020 accesses: 22282240 hits: 44602 misses: 22237638                        ║
║ [Batch 4] hit ratio: 0.0020 accesses: 22282240 hits: 45560 misses: 22236680                        ║
║ [Batch 5] hit ratio: 0.0021 accesses: 22282240 hits: 45936 misses: 22236304                        ║
║ [Batch 6] hit ratio: 0.0021 accesses: 22282240 hits: 45906 misses: 22236334                        ║
║ [Batch 7] hit ratio: 0.0020 accesses: 22282240 hits: 44912 misses: 22237328                        ║
║ [Batch 8] hit ratio: 0.0020 accesses: 22282240 hits: 44146 misses: 22238094                        ║
║ [Batch 9] hit ratio: 0.0019 accesses: 22282240 hits: 43174 misses: 22239066                        ║
╚════════════════════════════════════════════════════════════════════════════════════════════════════╝
(Time elapsed(s) in do simulation: 102.861927sec)
