
╔════════════════════════════════════════════════════════════════════════════════════════════════════╗
║▒▒▒▒▒▒▒▒▒▒▒▒▒▒▒▒▒▒▒▒▒▒▒▒▒▒▒▒▒▒▒《 General Simulation Configuration 》▒▒▒▒▒▒▒▒▒▒▒▒▒▒▒▒▒▒▒▒▒▒▒▒▒▒▒▒▒▒▒║
╠════════════════════════════════════════════════════════════════════════════════════════════════════╣
║ Dataset: /workspace/EVASim/datasets/reuse_medium/table_1M.txt                                      ║
║ Numeric format: 8 bits                                                                             ║
║ Num batches: 10                                                                                    ║
║ Num tables: 512                                                                                    ║
║ Batch Size (samples per batch): 128                                                                ║
║ Vectors per table: 1000000                                                                         ║
║ Lookups per sample: 170                                                                            ║
║ Embedding Dimension 256                                                                            ║
╚════════════════════════════════════════════════════════════════════════════════════════════════════╝
(Time elapsed(s) in model and data gen:   6.902919sec)
[DEBUG] addr_trace shape: (10, 512, 43520)
Converting vector indices into virtual memory addresses for batch 0...
Converting vector indices into virtual memory addresses for batch 1...
Converting vector indices into virtual memory addresses for batch 2...
Converting vector indices into virtual memory addresses for batch 3...
Converting vector indices into virtual memory addresses for batch 4...
Converting vector indices into virtual memory addresses for batch 5...
Converting vector indices into virtual memory addresses for batch 6...
Converting vector indices into virtual memory addresses for batch 7...
Converting vector indices into virtual memory addresses for batch 8...
Converting vector indices into virtual memory addresses for batch 9...
(Time elapsed(s) in address generation: 849.680446sec)

╔════════════════════════════════════════════════════════════════════════════════════════════════════╗
║▒▒▒▒▒▒▒▒▒▒▒▒▒▒▒▒▒▒▒▒▒▒▒▒▒▒▒▒▒▒▒▒▒《 On-Chip Memory Configuration 》▒▒▒▒▒▒▒▒▒▒▒▒▒▒▒▒▒▒▒▒▒▒▒▒▒▒▒▒▒▒▒▒▒║
╠════════════════════════════════════════════════════════════════════════════════════════════════════╣
║ Memory size: 134217728 B (128 MB)                                                                  ║
║ Memory type: spad                                                                                  ║
║ Memory policy: spad_naive                                                                          ║
╚════════════════════════════════════════════════════════════════════════════════════════════════════╝
[DEBUG] on_mem has 1048576 elements.
on mem data structure size: 8192.11 KB
(Time elapsed(s) in create memory structure:   2.827692sec)

╔════════════════════════════════════════════════════════════════════════════════════════════════════╗
║▒▒▒▒▒▒▒▒▒▒▒▒▒▒▒▒▒▒▒▒▒▒▒▒▒▒▒▒▒▒▒▒▒▒▒▒▒▒▒《 Simulation Start 》▒▒▒▒▒▒▒▒▒▒▒▒▒▒▒▒▒▒▒▒▒▒▒▒▒▒▒▒▒▒▒▒▒▒▒▒▒▒▒║
╚════════════════════════════════════════════════════════════════════════════════════════════════════╝
Simulation for batch 0...
Simulation for batch 1...
Simulation for batch 2...
Simulation for batch 3...
Simulation for batch 4...
Simulation for batch 5...
Simulation for batch 6...
Simulation for batch 7...
Simulation for batch 8...
Simulation for batch 9...
Simulation Done

╔════════════════════════════════════════════════════════════════════════════════════════════════════╗
║▒▒▒▒▒▒▒▒▒▒▒▒▒▒▒▒▒▒▒▒▒▒▒▒▒▒▒▒▒▒▒▒▒▒▒▒▒▒《 Simulation Results 》▒▒▒▒▒▒▒▒▒▒▒▒▒▒▒▒▒▒▒▒▒▒▒▒▒▒▒▒▒▒▒▒▒▒▒▒▒▒║
╠════════════════════════════════════════════════════════════════════════════════════════════════════╣
║ Total hit ratio: 0.0010                                                                            ║
║ Total accesses: 222822400                                                                          ║
║ Total hits: 230776                                                                                 ║
║ Total misses: 222591624                                                                            ║
║                                                                                                    ║
║ Per batch results:                                                                                 ║
║ [Batch 0] hit ratio: 0.0011 accesses: 22282240 hits: 23718 misses: 22258522                        ║
║ [Batch 1] hit ratio: 0.0011 accesses: 22282240 hits: 23468 misses: 22258772                        ║
║ [Batch 2] hit ratio: 0.0010 accesses: 22282240 hits: 23172 misses: 22259068                        ║
║ [Batch 3] hit ratio: 0.0010 accesses: 22282240 hits: 23042 misses: 22259198                        ║
║ [Batch 4] hit ratio: 0.0010 accesses: 22282240 hits: 23350 misses: 22258890                        ║
║ [Batch 5] hit ratio: 0.0010 accesses: 22282240 hits: 22656 misses: 22259584                        ║
║ [Batch 6] hit ratio: 0.0010 accesses: 22282240 hits: 22856 misses: 22259384                        ║
║ [Batch 7] hit ratio: 0.0010 accesses: 22282240 hits: 23282 misses: 22258958                        ║
║ [Batch 8] hit ratio: 0.0010 accesses: 22282240 hits: 22508 misses: 22259732                        ║
║ [Batch 9] hit ratio: 0.0010 accesses: 22282240 hits: 22724 misses: 22259516                        ║
╚════════════════════════════════════════════════════════════════════════════════════════════════════╝
(Time elapsed(s) in do simulation: 100.160944sec)
