
╔════════════════════════════════════════════════════════════════════════════════════════════════════╗
║▒▒▒▒▒▒▒▒▒▒▒▒▒▒▒▒▒▒▒▒▒▒▒▒▒▒▒▒▒▒▒《 General Simulation Configuration 》▒▒▒▒▒▒▒▒▒▒▒▒▒▒▒▒▒▒▒▒▒▒▒▒▒▒▒▒▒▒▒║
╠════════════════════════════════════════════════════════════════════════════════════════════════════╣
║ Dataset: /workspace/EVASim/datasets/dlrm/reuse_high_table_1M.txt                                   ║
║ Numeric format: 8 bits                                                                             ║
║ Num batches: 5                                                                                     ║
║ Num tables: 10                                                                                     ║
║ Batch Size (samples per batch): 32                                                                 ║
║ Vectors per table: 100000                                                                          ║
║ Lookups per sample: 20                                                                             ║
║ Embedding Dimension 128                                                                            ║
╚════════════════════════════════════════════════════════════════════════════════════════════════════╝
(Time elapsed(s) in model and data gen:   0.546473sec)
[DEBUG] addr_trace shape: (5, 10, 640)
Converting vector indices into virtual memory addresses for batch 0...
Converting vector indices into virtual memory addresses for batch 1...
Converting vector indices into virtual memory addresses for batch 2...
Converting vector indices into virtual memory addresses for batch 3...
Converting vector indices into virtual memory addresses for batch 4...
(Time elapsed(s) in address generation:   0.100887sec)

╔════════════════════════════════════════════════════════════════════════════════════════════════════╗
║▒▒▒▒▒▒▒▒▒▒▒▒▒▒▒▒▒▒▒▒▒▒▒▒▒▒▒▒▒▒▒▒▒《 On-Chip Memory Configuration 》▒▒▒▒▒▒▒▒▒▒▒▒▒▒▒▒▒▒▒▒▒▒▒▒▒▒▒▒▒▒▒▒▒║
╠════════════════════════════════════════════════════════════════════════════════════════════════════╣
║ Memory size: 33554432 B (32 MB)                                                                    ║
║ Memory type: profile                                                                               ║
║ Memory policy: profile_dynamic_cache                                                               ║
╚════════════════════════════════════════════════════════════════════════════════════════════════════╝
[DEBUG] logger can contain 262144.0 vectors
[DEBUG] logger is empty. Set the spad with the naive method.
on mem data structure size: 2048.11 KB
(Time elapsed(s) in create memory structure:   0.846104sec)

╔════════════════════════════════════════════════════════════════════════════════════════════════════╗
║▒▒▒▒▒▒▒▒▒▒▒▒▒▒▒▒▒▒▒▒▒▒▒▒▒▒▒▒▒▒▒▒▒▒▒▒▒▒▒《 Simulation Start 》▒▒▒▒▒▒▒▒▒▒▒▒▒▒▒▒▒▒▒▒▒▒▒▒▒▒▒▒▒▒▒▒▒▒▒▒▒▒▒║
╚════════════════════════════════════════════════════════════════════════════════════════════════════╝
[DEBUG] print the nb, nt, vec of self.emb_dataset 5 10
Simulation for batch 0...
[DEBUG] logger is not empty. Set the spad with the logger entries.
[DEBUG] logger is not empty. Set the spad with the logger entries.
[DEBUG] logger is not empty. Set the spad with the logger entries.
[DEBUG] logger is not empty. Set the spad with the logger entries.
[DEBUG] logger is not empty. Set the spad with the logger entries.
[DEBUG] logger is not empty. Set the spad with the logger entries.
[DEBUG] logger is not empty. Set the spad with the logger entries.
[DEBUG] logger is not empty. Set the spad with the logger entries.
[DEBUG] logger is not empty. Set the spad with the logger entries.
[DEBUG] logger is not empty. Set the spad with the logger entries.
[DEBUG] logger is not empty. Set the spad with the logger entries.
[DEBUG] logger is not empty. Set the spad with the logger entries.
[DEBUG] result appended for batch 0
Simulation for batch 1...
[DEBUG] logger is not empty. Set the spad with the logger entries.
[DEBUG] logger is not empty. Set the spad with the logger entries.
[DEBUG] logger is not empty. Set the spad with the logger entries.
[DEBUG] logger is not empty. Set the spad with the logger entries.
[DEBUG] logger is not empty. Set the spad with the logger entries.
[DEBUG] logger is not empty. Set the spad with the logger entries.
[DEBUG] logger is not empty. Set the spad with the logger entries.
[DEBUG] logger is not empty. Set the spad with the logger entries.
[DEBUG] logger is not empty. Set the spad with the logger entries.
[DEBUG] logger is not empty. Set the spad with the logger entries.
[DEBUG] logger is not empty. Set the spad with the logger entries.
[DEBUG] logger is not empty. Set the spad with the logger entries.
[DEBUG] logger is not empty. Set the spad with the logger entries.
[DEBUG] result appended for batch 1
Simulation for batch 2...
[DEBUG] logger is not empty. Set the spad with the logger entries.
[DEBUG] logger is not empty. Set the spad with the logger entries.
[DEBUG] logger is not empty. Set the spad with the logger entries.
[DEBUG] logger is not empty. Set the spad with the logger entries.
[DEBUG] logger is not empty. Set the spad with the logger entries.
[DEBUG] logger is not empty. Set the spad with the logger entries.
[DEBUG] logger is not empty. Set the spad with the logger entries.
[DEBUG] logger is not empty. Set the spad with the logger entries.
[DEBUG] logger is not empty. Set the spad with the logger entries.
[DEBUG] logger is not empty. Set the spad with the logger entries.
[DEBUG] logger is not empty. Set the spad with the logger entries.
[DEBUG] logger is not empty. Set the spad with the logger entries.
[DEBUG] logger is not empty. Set the spad with the logger entries.
[DEBUG] result appended for batch 2
Simulation for batch 3...
[DEBUG] logger is not empty. Set the spad with the logger entries.
[DEBUG] logger is not empty. Set the spad with the logger entries.
[DEBUG] logger is not empty. Set the spad with the logger entries.
[DEBUG] logger is not empty. Set the spad with the logger entries.
[DEBUG] logger is not empty. Set the spad with the logger entries.
[DEBUG] logger is not empty. Set the spad with the logger entries.
[DEBUG] logger is not empty. Set the spad with the logger entries.
[DEBUG] logger is not empty. Set the spad with the logger entries.
[DEBUG] logger is not empty. Set the spad with the logger entries.
[DEBUG] logger is not empty. Set the spad with the logger entries.
[DEBUG] logger is not empty. Set the spad with the logger entries.
[DEBUG] logger is not empty. Set the spad with the logger entries.
[DEBUG] logger is not empty. Set the spad with the logger entries.
[DEBUG] result appended for batch 3
Simulation for batch 4...
[DEBUG] logger is not empty. Set the spad with the logger entries.
[DEBUG] logger is not empty. Set the spad with the logger entries.
[DEBUG] logger is not empty. Set the spad with the logger entries.
[DEBUG] logger is not empty. Set the spad with the logger entries.
[DEBUG] logger is not empty. Set the spad with the logger entries.
[DEBUG] logger is not empty. Set the spad with the logger entries.
[DEBUG] logger is not empty. Set the spad with the logger entries.
[DEBUG] logger is not empty. Set the spad with the logger entries.
[DEBUG] logger is not empty. Set the spad with the logger entries.
[DEBUG] logger is not empty. Set the spad with the logger entries.
[DEBUG] logger is not empty. Set the spad with the logger entries.
[DEBUG] logger is not empty. Set the spad with the logger entries.
[DEBUG] logger is not empty. Set the spad with the logger entries.
[DEBUG] result appended for batch 4
[DEBUG] len access_results1: 5
Simulation Done
[DEBUG] len access_results2: 5
[DEBUG] len access_results3: 5

╔════════════════════════════════════════════════════════════════════════════════════════════════════╗
║▒▒▒▒▒▒▒▒▒▒▒▒▒▒▒▒▒▒▒▒▒▒▒▒▒▒▒▒▒▒▒▒▒▒▒▒▒▒《 Simulation Results 》▒▒▒▒▒▒▒▒▒▒▒▒▒▒▒▒▒▒▒▒▒▒▒▒▒▒▒▒▒▒▒▒▒▒▒▒▒▒║
╠════════════════════════════════════════════════════════════════════════════════════════════════════╣
║ Total hit ratio: 0.3327                                                                            ║
║ Total accesses: 32000                                                                              ║
║ Total hits: 10645                                                                                  ║
║ Total misses: 21355                                                                                ║
║                                                                                                    ║
║ Per batch results:                                                                                 ║
║ [Batch 0] hit ratio: 0.3181 accesses: 6400 hits: 2036 misses: 4364                                 ║
║ [Batch 1] hit ratio: 0.2867 accesses: 6400 hits: 1835 misses: 4565                                 ║
║ [Batch 2] hit ratio: 0.3206 accesses: 6400 hits: 2052 misses: 4348                                 ║
║ [Batch 3] hit ratio: 0.3488 accesses: 6400 hits: 2232 misses: 4168                                 ║
║ [Batch 4] hit ratio: 0.3891 accesses: 6400 hits: 2490 misses: 3910                                 ║
╚════════════════════════════════════════════════════════════════════════════════════════════════════╝
(Time elapsed(s) in do simulation: 331.489720sec)
